<?xml version="1.0" encoding="UTF-8"?>
<robot generator="Robot 6.1.1 (Python 3.11.4 on win32)" generated="20230821 18:53:52.818" rpa="false" schemaversion="4">
<suite id="s1" name="test OrderList" source="C:\Users\1\Desktop\INTEXSOFT\yandex_test_robot\tests\test_OrderList.robot">
<test id="s1-t1" name="Test List Order" line="9">
<kw name="GET" library="RequestsLibrary">
<var>${response}</var>
<arg>${BASE_URL}orders</arg>
<doc>Sends a GET request.</doc>
<msg timestamp="20230821 18:54:07.457" level="INFO">GET Request : url=http://qa-scooter.praktikum-services.ru/api/v1/orders 
 path_url=/api/v1/orders 
 headers={'User-Agent': 'python-requests/2.31.0', 'Accept-Encoding': 'gzip, deflate', 'Accept': '*/*', 'Connection': 'keep-alive'} 
 body=None 
 </msg>
<msg timestamp="20230821 18:54:07.457" level="INFO">GET Response : url=http://qa-scooter.praktikum-services.ru/api/v1/orders 
 status=200, reason=OK 
 headers={'Access-Control-Allow-Origin': '*', 'Content-Length': '25823', 'Content-Type': 'application/json; charset=utf-8', 'Date': 'Mon, 21 Aug 2023 15:54:07 GMT', 'ETag': 'W/"64df-eLVQ9YVr4gdRGd1P2XaWWsfb624"', 'Set-Cookie': '_yasc=5036ZdAu9geGIHuH+N2Ov4pIxoH/oPsdGwFIV/N2YPL+d8rpSJIv8cV4HUo=; domain=.praktikum-services.ru; path=/; expires=Thu, 18 Aug 2033 15:53:53 GMT; secure', 'X-Powered-By': 'Express', 'X-Request-Id': '1692633233329996-3703010789447623705'} 
 body={"orders":[{"id":182538,"courierId":null,"firstName":null,"lastName":null,"address":null,"metroStation":null,"phone":null,"rentTime":0,"deliveryDate":null,"track":108457,"color":null,"comment":null,"createdAt":"2023-07-04T09:05:22.245Z","updatedAt":"2023-07-04T09:05:22.245Z","status":0},{"id":182539,"courierId":null,"firstName":null,"lastName":null,"address":null,"metroStation":null,"phone":null,"rentTime":0,"deliveryDate":null,"track":851897,"color":null,"comment":null,"createdAt":"2023-07-04T09:05:22.599Z","updatedAt":"2023-07-04T09:05:22.599Z","status":0},{"id":182540,"courierId":null,"firstName":null,"lastName":null,"address":null,"metroStation":null,"phone":null,"rentTime":0,"deliveryDate":null,"track":778010,"color":null,"comment":null,"createdAt":"2023-07-04T09:05:22.887Z","updatedAt":"2023-07-04T09:05:22.887Z","status":0},{"id":182511,"courierId":null,"firstName":null,"lastName":null,"address":null,"metroStation":null,"phone":null,"rentTime":0,"deliveryDate":null,"track":803464,"color":null,"comment":null,"createdAt":"2023-07-04T08:22:39.163Z","updatedAt":"2023-07-04T08:22:39.163Z","status":0},{"id":182512,"courierId":null,"firstName":null,"lastName":null,"address":null,"metroStation":null,"phone":null,"rentTime":0,"deliveryDate":null,"track":62905,"color":null,"comment":null,"createdAt":"2023-07-04T08:22:39.448Z","updatedAt":"2023-07-04T08:22:39.448Z","status":0},{"id":182513,"courierId":null,"firstName":null,"lastName":null,"address":null,"metroStation":null,"phone":null,"rentTime":0,"deliveryDate":null,"track":658059,"color":null,"comment":null,"createdAt":"2023-07-04T08:22:39.730Z","updatedAt":"2023-07-04T08:22:39.730Z","status":0},{"id":182343,"courierId":null,"firstName":null,"lastName":null,"address":null,"metroStation":null,"phone":null,"rentTime":0,"deliveryDate":null,"track":99401,"color":[],"comment":null,"createdAt":"2023-07-03T20:44:02.601Z","updatedAt":"2023-07-03T20:44:02.601Z","status":0},{"id":362,"courierId":null,"firstName":"Василий","lastName":"Петров","address":"Москва","metroStation":"7","phone":"11111111111","rentTime":6,"deliveryDate":"2021-12-09T18:00:00.000Z","track":871290,"color":["BLACK"],"comment":"-","createdAt":"2021-10-01T10:36:54.625Z","updatedAt":"2021-10-01T10:36:54.625Z","status":0},{"id":364,"courierId":null,"firstName":"Василий","lastName":"Петров","address":"Москва","metroStation":"7","phone":"11111111111","rentTime":6,"deliveryDate":"2021-12-09T18:00:00.000Z","track":289393,"color":["BLACK"],"comment":"-","createdAt":"2021-10-01T10:38:18.894Z","updatedAt":"2021-10-01T10:38:18.894Z","status":0},{"id":366,"courierId":null,"firstName":"Василий","lastName":"Петров","address":"Москва","metroStation":"7","phone":"11111111111","rentTime":6,"deliveryDate":"2021-12-09T18:00:00.000Z","track":853367,"color":["BLACK"],"comment":"-","createdAt":"2021-10-01T10:44:02.055Z","updatedAt":"2021-10-01T10:44:02.055Z","status":0},{"id":367,"courierId":null,"firstName":"Василий","lastName":"Петров","address":"Москва","metroStation":"7","phone":"11111111111","rentTime":6,"deliveryDate":"2021-12-09T18:00:00.000Z","track":44937,"color":["BLACK"],"comment":"-","createdAt":"2021-10-01T10:47:31.631Z","updatedAt":"2021-10-01T10:47:31.631Z","status":0},{"id":298,"courierId":null,"firstName":"Наталья","lastName":"Губанова","address":"Москва, ул. Туристская, д.4к4","metroStation":"117","phone":"+79779816818","rentTime":4,"deliveryDate":"2021-12-22T21:00:00.000Z","track":772777,"color":["GREY"],"comment":"Было бы удобно в 13:00","createdAt":"2021-09-30T22:16:45.923Z","updatedAt":"2021-09-30T22:16:45.923Z","status":0},{"id":351,"courierId":null,"firstName":"Наталья","lastName":"Губанова","address":"Москва, ул. Туристская, д.4к4","metroStation":"117","phone":"+79779816818","rentTime":4,"deliveryDate":"2021-12-22T21:00:00.000Z","track":329106,"color":["GREY"],"comment":"Было бы удобно в 13:00","createdAt":"2021-10-01T09:43:34.269Z","updatedAt":"2021-10-01T09:43:34.269Z","status":0},{"id":352,"courierId":null,"firstName":"Наталья","lastName":"Губанова","address":"Москва, ул. Туристская, д.4к4","metroStation":"117","phone":"+79779816818","rentTime":4,"deliveryDate":"2021-12-22T21:00:00.000Z","track":661242,"color":["GREY"],"comment":"Было бы удобно в 13:00","createdAt":"2021-10-01T09:45:58.312Z","updatedAt":"2021-10-01T09:45:58.312Z","status":0},{"id":353,"courierId":null,"firstName":"Наталья","lastName":"Губанова","address":"Москва, ул. Туристская, д.4к4","metroStation":"117","phone":"+79779816818","rentTime":4,"deliveryDate":"2021-12-22T21:00:00.000Z","track":776152,"color":["GREY"],"comment":"Было бы удобно в 13:00","createdAt":"2021-10-01T09:49:13.236Z","updatedAt":"2021-10-01T09:49:13.236Z","status":0},{"id":356,"courierId":null,"firstName":"Наталья","lastName":"Губанова","address":"Москва, ул. Туристская, д.4к4","metroStation":"117","phone":"+79779816818","rentTime":4,"deliveryDate":"2021-12-22T21:00:00.000Z","track":117312,"color":["GREY"],"comment":"Было бы удобно в 13:00","createdAt":"2021-10-01T09:58:31.152Z","updatedAt":"2021-10-01T09:58:31.152Z","status":0},{"id":357,"courierId":null,"firstName":"Наталья","lastName":"Губанова","address":"Москва, ул. Туристская, д.4к4","metroStation":"117","phone":"+79779816818","rentTime":4,"deliveryDate":"2021-12-22T21:00:00.000Z","track":807584,"color":["GREY"],"comment":"Было бы удобно в 13:00","createdAt":"2021-10-01T09:59:38.453Z","updatedAt":"2021-10-01T09:59:38.453Z","status":0},{"id":358,"courierId":null,"firstName":"Наталья","lastName":"Губанова","address":"Москва, ул. Туристская, д.4к4","metroStation":"117","phone":"+79779816818","rentTime":4,"deliveryDate":"2021-12-22T21:00:00.000Z","track":597901,"color":["GREY"],"comment":"Было бы удобно в 13:00","createdAt":"2021-10-01T10:00:25.958Z","updatedAt":"2021-10-01T10:00:25.958Z","status":0},{"id":359,"courierId":null,"firstName":"Наталья","lastName":"Губанова","address":"Москва, ул. Туристская, д.4к4","metroStation":"117","phone":"+79779816818","rentTime":4,"deliveryDate":"2021-12-22T21:00:00.000Z","track":298256,"color":["GREY"],"comment":"Было бы удобно в 13:00","createdAt":"2021-10-01T10:28:40.384Z","updatedAt":"2021-10-01T10:28:40.384Z","status":0},{"id":360,"courierId":null,"firstName":"Наталья","lastName":"Губанова","address":"Москва, ул. Туристская, д.4к4","metroStation":"117","phone":"+79779816818","rentTime":4,"deliveryDate":"2021-12-22T21:00:00.000Z","track":994317,"color":["GREY"],"comment":"Было бы удобно в 13:00","createdAt":"2021-10-01T10:29:55.744Z","updatedAt":"2021-10-01T10:29:55.744Z","status":0},{"id":363,"courierId":null,"firstName":"Наталья","lastName":"Губанова","address":"Москва, ул. Туристская, д.4к4","metroStation":"117","phone":"+79779816818","rentTime":4,"deliveryDate":"2021-12-22T21:00:00.000Z","track":559048,"color":["GREY"],"comment":"Было бы удобно в 13:00","createdAt":"2021-10-01T10:37:11.071Z","updatedAt":"2021-10-01T10:37:11.071Z","status":0},{"id":109707,"courierId":null,"firstName":"Бред","lastName":"Питт","address":"Москва","metroStation":"2","phone":"79099909090","rentTime":2,"deliveryDate":"2022-11-29T21:00:00.000Z","track":558210,"color":["BLACK"],"comment":"Позвоните за 30 минут до доставки","createdAt":"2022-11-14T18:24:07.820Z","updatedAt":"2022-11-14T18:24:07.820Z","status":0},{"id":109708,"courierId":null,"firstName":"Анжелина","lastName":"Джоли","address":"Москва","metroStation":"3","phone":"79099901111","rentTime":2,"deliveryDate":"2022-11-29T21:00:00.000Z","track":759956,"color":["BLACK"],"comment":"Позвоните за 30 минут до доставки","createdAt":"2022-11-14T18:24:11.848Z","updatedAt":"2022-11-14T18:24:11.848Z","status":0},{"id":315,"courierId":null,"firstName":"Марчи","lastName":"Пух","address":"Чистопольская 23","metroStation":"12","phone":"+71234567890","rentTime":3,"deliveryDate":"2023-01-15T21:00:00.000Z","track":794144,"color":["BLACK"],"comment":"privet","createdAt":"2021-10-01T06:54:32.352Z","updatedAt":"2021-10-01T06:54:32.352Z","status":0},{"id":316,"courierId":null,"firstName":"Марчи","lastName":"Пух","address":"Чистопольская 23","metroStation":"12","phone":"+71234567890","rentTime":3,"deliveryDate":"2023-01-15T21:00:00.000Z","track":47968,"color":["BLACK"],"comment":"privet","createdAt":"2021-10-01T06:55:50.018Z","updatedAt":"2021-10-01T06:55:50.018Z","status":0},{"id":138067,"courierId":null,"firstName":"Ars","lastName":"Che","address":"SPb","metroStation":"10","phone":"88009002030","rentTime":4,"deliveryDate":"2023-02-02T00:00:00.000Z","track":73672,"color":[],"comment":"Hello!","createdAt":"2023-02-16T23:23:51.321Z","updatedAt":"2023-02-16T23:23:51.321Z","status":0},{"id":137887,"courierId":null,"firstName":"pqHBaYHS","lastName":"TseXGUdO","address":"fJMRFXYG","metroStation":"bGRQVLhY","phone":"AmLfEIXu","rentTime":97176,"deliveryDate":"2023-03-16T18:33:24.303Z","track":116934,"color":["BLACK"],"comment":"kfWbdCHM","createdAt":"2023-02-16T18:33:24.446Z","updatedAt":"2023-02-16T18:33:24.446Z","status":0},{"id":137889,"courierId":null,"firstName":"jOFNBWvR","lastName":"fOwqLRwv","address":"sVFqnnnF","metroStation":"xoOVdLxG","phone":"viCGfItc","rentTime":2710,"deliveryDate":"2023-03-16T18:33:24.571Z","track":238523,"color":["BLACK","GREY"],"comment":"bmZAmXms","createdAt":"2023-02-16T18:33:24.714Z","updatedAt":"2023-02-16T18:33:24.714Z","status":0},{"id":151399,"courierId":null,"firstName":null,"lastName":null,"address":null,"metroStation":null,"phone":null,"rentTime":5,"deliveryDate":"2023-03-18T00:00:00.000Z","track":113507,"color":[],"comment":"txEoBmd","createdAt":"2023-03-19T19:24:06.197Z","updatedAt":"2023-03-19T19:24:06.197Z","status":0},{"id":181186,"courierId":null,"firstName":"апрр","lastName":"ррпррп","address":"ррооо","metroStation":"2","phone":"89123904416","rentTime":1,"deliveryDate":"2023-06-29T19:00:00.000Z","track":900538,"color":[],"comment":"","createdAt":"2023-06-30T06:04:12.690Z","updatedAt":"2023-06-30T06:04:12.690Z","status":0}],"pageInfo":{"page":0,"total":163534,"limit":30},"availableStations":[{"name":"Бульвар Ро... (set the log level to DEBUG or TRACE to see the full content) 
 </msg>
<msg timestamp="20230821 18:54:07.457" level="INFO">${response} = &lt;Response [200]&gt;</msg>
<status status="PASS" starttime="20230821 18:53:53.129" endtime="20230821 18:54:07.457"/>
</kw>
<kw name="Set Variable" library="BuiltIn">
<var>${order_data}</var>
<arg>${response.json()}</arg>
<doc>Returns the given values which can then be assigned to a variables.</doc>
<msg timestamp="20230821 18:54:07.472" level="INFO">${order_data} = {'orders': [{'id': 182538, 'courierId': None, 'firstName': None, 'lastName': None, 'address': None, 'metroStation': None, 'phone': None, 'rentTime': 0, 'deliveryDate': None, 'track': 108457, 'color': ...</msg>
<status status="PASS" starttime="20230821 18:54:07.457" endtime="20230821 18:54:07.472"/>
</kw>
<kw name="Should Be Equal" library="BuiltIn">
<arg>${response.status_code}</arg>
<arg>200</arg>
<doc>Fails if the given objects are unequal.</doc>
<msg timestamp="20230821 18:54:07.472" level="INFO">Argument types are:
&lt;class 'int'&gt;
&lt;class 'str'&gt;</msg>
<msg timestamp="20230821 18:54:07.472" level="FAIL">200 (integer) != 200 (string)</msg>
<status status="FAIL" starttime="20230821 18:54:07.472" endtime="20230821 18:54:07.472"/>
</kw>
<kw name="Should Contain" library="BuiltIn">
<arg>orders</arg>
<arg>${order_data}</arg>
<doc>Fails if ``container`` does not contain ``item`` one or more times.</doc>
<status status="NOT RUN" starttime="20230821 18:54:07.488" endtime="20230821 18:54:07.488"/>
</kw>
<kw name="Should Be List">
<arg>${order_data["orders"]}</arg>
<status status="NOT RUN" starttime="20230821 18:54:07.488" endtime="20230821 18:54:07.488"/>
</kw>
<status status="FAIL" starttime="20230821 18:53:53.129" endtime="20230821 18:54:07.488">200 (integer) != 200 (string)</status>
</test>
<status status="FAIL" starttime="20230821 18:53:52.818" endtime="20230821 18:54:07.488"/>
</suite>
<statistics>
<total>
<stat pass="0" fail="1" skip="0">All Tests</stat>
</total>
<tag>
</tag>
<suite>
<stat pass="0" fail="1" skip="0" id="s1" name="test OrderList">test OrderList</stat>
</suite>
</statistics>
<errors>
</errors>
</robot>
