<?xml version="1.0" encoding="UTF-8"?>
<robot generator="Robot 6.1.1 (Python 3.11.4 on win32)" generated="20230824 12:19:13.767" rpa="false" schemaversion="4">
<suite id="s1" name="Tests" source="C:\Users\1\Desktop\INTEXSOFT\yandex_test_robot\tests">
<suite id="s1-s1" name="test CourierCreating" source="C:\Users\1\Desktop\INTEXSOFT\yandex_test_robot\tests\test_CourierCreating.robot">
<test id="s1-s1-t1" name="Test Can Create a Courier" line="8">
<kw name="Create Courier" library="keywords">
<var>${response}</var>
<kw name="Create Dictionary" library="BuiltIn">
<var>${json_data}</var>
<arg>login=${BASE_LOGIN}</arg>
<arg>password=1234</arg>
<arg>firstName=vasia</arg>
<doc>Creates and returns a dictionary based on the given ``items``.</doc>
<msg timestamp="20230824 12:19:14.165" level="INFO">${json_data} = {'login': 'AntonMedvedkinQA', 'password': '1234', 'firstName': 'vasia'}</msg>
<status status="PASS" starttime="20230824 12:19:14.165" endtime="20230824 12:19:14.165"/>
</kw>
<kw name="POST" library="RequestsLibrary">
<var>${response}</var>
<arg>${BASE_URL}courier</arg>
<arg>data=${json_data}</arg>
<doc>Sends a POST request.</doc>
<msg timestamp="20230824 12:19:26.218" level="FAIL">ConnectionError: HTTPConnectionPool(host='qa-scooter.praktikum-services.ru', port=80): Max retries exceeded with url: /api/v1/courier (Caused by NameResolutionError("&lt;urllib3.connection.HTTPConnection object at 0x000001F77BCA14D0&gt;: Failed to resolve 'qa-scooter.praktikum-services.ru' ([Errno 11001] getaddrinfo failed)"))</msg>
<status status="FAIL" starttime="20230824 12:19:14.165" endtime="20230824 12:19:26.250"/>
</kw>
<status status="FAIL" starttime="20230824 12:19:14.165" endtime="20230824 12:19:26.250"/>
</kw>
<kw name="Status Should Be" library="RequestsLibrary">
<arg>201</arg>
<arg>${response}</arg>
<doc>Fails if response status code is different than the expected.</doc>
<status status="NOT RUN" starttime="20230824 12:19:26.250" endtime="20230824 12:19:26.250"/>
</kw>
<kw name="Should Be Equal As Strings" library="BuiltIn">
<arg>${response.json()}</arg>
<arg>{'ok': True}</arg>
<doc>Fails if objects are unequal after converting them to strings.</doc>
<status status="NOT RUN" starttime="20230824 12:19:26.250" endtime="20230824 12:19:26.250"/>
</kw>
<kw name="Delete Courier" library="keywords">
<status status="NOT RUN" starttime="20230824 12:19:26.250" endtime="20230824 12:19:26.250"/>
</kw>
<status status="FAIL" starttime="20230824 12:19:14.165" endtime="20230824 12:19:26.250">ConnectionError: HTTPConnectionPool(host='qa-scooter.praktikum-services.ru', port=80): Max retries exceeded with url: /api/v1/courier (Caused by NameResolutionError("&lt;urllib3.connection.HTTPConnection object at 0x000001F77BCA14D0&gt;: Failed to resolve 'qa-scooter.praktikum-services.ru' ([Errno 11001] getaddrinfo failed)"))</status>
</test>
<test id="s1-s1-t2" name="Test Inability To Create - Two Identical Couriers" line="14">
<kw name="Create Courier" library="keywords">
<kw name="Create Dictionary" library="BuiltIn">
<var>${json_data}</var>
<arg>login=${BASE_LOGIN}</arg>
<arg>password=1234</arg>
<arg>firstName=vasia</arg>
<doc>Creates and returns a dictionary based on the given ``items``.</doc>
<msg timestamp="20230824 12:19:26.250" level="INFO">${json_data} = {'login': 'AntonMedvedkinQA', 'password': '1234', 'firstName': 'vasia'}</msg>
<status status="PASS" starttime="20230824 12:19:26.250" endtime="20230824 12:19:26.250"/>
</kw>
<kw name="POST" library="RequestsLibrary">
<var>${response}</var>
<arg>${BASE_URL}courier</arg>
<arg>data=${json_data}</arg>
<doc>Sends a POST request.</doc>
<msg timestamp="20230824 12:19:27.044" level="INFO">POST Request : url=http://qa-scooter.praktikum-services.ru/api/v1/courier 
 path_url=/api/v1/courier 
 headers={'User-Agent': 'python-requests/2.31.0', 'Accept-Encoding': 'gzip, deflate', 'Accept': '*/*', 'Connection': 'keep-alive', 'Content-Length': '52', 'Content-Type': 'application/x-www-form-urlencoded'} 
 body=login=AntonMedvedkinQA&amp;password=1234&amp;firstName=vasia 
 </msg>
<msg timestamp="20230824 12:19:27.044" level="INFO">POST Response : url=http://qa-scooter.praktikum-services.ru/api/v1/courier 
 status=201, reason=Created 
 headers={'Access-Control-Allow-Origin': '*', 'Content-Length': '11', 'Content-Type': 'application/json; charset=utf-8', 'Date': 'Thu, 24 Aug 2023 09:19:27 GMT', 'ETag': 'W/"b-Ai2R8hgEarLmHKwesT1qcY913ys"', 'Set-Cookie': '_yasc=WBRj5Q9lGn2kILDJu7P0fu2SfrbpviFTIrjuR/VsD+UjUL2QQthcJsJT9Rs=; domain=.praktikum-services.ru; path=/; expires=Sun, 21 Aug 2033 09:19:26 GMT; secure', 'X-Powered-By': 'Express', 'X-Request-Id': '1692868766904166-8742201479180205274'} 
 body={"ok":true} 
 </msg>
<msg timestamp="20230824 12:19:27.044" level="INFO">${response} = &lt;Response [201]&gt;</msg>
<status status="PASS" starttime="20230824 12:19:26.250" endtime="20230824 12:19:27.044"/>
</kw>
<status status="PASS" starttime="20230824 12:19:26.250" endtime="20230824 12:19:27.059"/>
</kw>
<kw name="Create Dictionary" library="BuiltIn">
<var>${json_data}</var>
<arg>login=${BASE_LOGIN}</arg>
<arg>password=1234</arg>
<arg>firstName=vasia</arg>
<doc>Creates and returns a dictionary based on the given ``items``.</doc>
<msg timestamp="20230824 12:19:27.059" level="INFO">${json_data} = {'login': 'AntonMedvedkinQA', 'password': '1234', 'firstName': 'vasia'}</msg>
<status status="PASS" starttime="20230824 12:19:27.059" endtime="20230824 12:19:27.059"/>
</kw>
<kw name="POST" library="RequestsLibrary">
<var>${response}</var>
<arg>${BASE_URL}courier</arg>
<arg>data=${json_data}</arg>
<arg>expected_status=409</arg>
<doc>Sends a POST request.</doc>
<msg timestamp="20230824 12:19:27.254" level="INFO">POST Request : url=http://qa-scooter.praktikum-services.ru/api/v1/courier 
 path_url=/api/v1/courier 
 headers={'User-Agent': 'python-requests/2.31.0', 'Accept-Encoding': 'gzip, deflate', 'Accept': '*/*', 'Connection': 'keep-alive', 'Content-Length': '52', 'Content-Type': 'application/x-www-form-urlencoded'} 
 body=login=AntonMedvedkinQA&amp;password=1234&amp;firstName=vasia 
 </msg>
<msg timestamp="20230824 12:19:27.254" level="INFO">POST Response : url=http://qa-scooter.praktikum-services.ru/api/v1/courier 
 status=409, reason=Conflict 
 headers={'Access-Control-Allow-Origin': '*', 'Content-Length': '112', 'Content-Type': 'application/json; charset=utf-8', 'Date': 'Thu, 24 Aug 2023 09:19:27 GMT', 'ETag': 'W/"70-sLG1ZktNk+Ab3iaKUMwxkdL4FJo"', 'Set-Cookie': '_yasc=JVbITPUQUJr/j+0A4YT6y7vJ06JdKzdlR0LVqIYbXKPOzojeu2k1evDBlT0F; domain=.praktikum-services.ru; path=/; expires=Sun, 21 Aug 2033 09:19:27 GMT; secure', 'X-Powered-By': 'Express', 'X-Request-Id': '1692868767168338-10936129851617663446'} 
 body={"code":409,"message":"Этот логин уже используется. Попробуйте другой."} 
 </msg>
<msg timestamp="20230824 12:19:27.254" level="INFO">${response} = &lt;Response [409]&gt;</msg>
<status status="PASS" starttime="20230824 12:19:27.059" endtime="20230824 12:19:27.254"/>
</kw>
<kw name="Status Should Be" library="RequestsLibrary">
<arg>409</arg>
<arg>${response}</arg>
<doc>Fails if response status code is different than the expected.</doc>
<status status="PASS" starttime="20230824 12:19:27.254" endtime="20230824 12:19:27.254"/>
</kw>
<kw name="Should Be Equal As Strings" library="BuiltIn">
<arg>${response.json()}</arg>
<arg>{'code': 409, 'message': 'Этот логин уже используется. Попробуйте другой.'}</arg>
<doc>Fails if objects are unequal after converting them to strings.</doc>
<msg timestamp="20230824 12:19:27.254" level="INFO">Argument types are:
&lt;class 'dict'&gt;
&lt;class 'str'&gt;</msg>
<status status="PASS" starttime="20230824 12:19:27.254" endtime="20230824 12:19:27.254"/>
</kw>
<kw name="Delete Courier" library="keywords">
<kw name="Create Dictionary" library="BuiltIn">
<var>${json_data}</var>
<arg>login=${BASE_LOGIN}</arg>
<arg>password=1234</arg>
<doc>Creates and returns a dictionary based on the given ``items``.</doc>
<msg timestamp="20230824 12:19:27.270" level="INFO">${json_data} = {'login': 'AntonMedvedkinQA', 'password': '1234'}</msg>
<status status="PASS" starttime="20230824 12:19:27.270" endtime="20230824 12:19:27.270"/>
</kw>
<kw name="POST" library="RequestsLibrary">
<var>${response}</var>
<arg>${BASE_URL}courier/login</arg>
<arg>data=${json_data}</arg>
<doc>Sends a POST request.</doc>
<msg timestamp="20230824 12:19:27.395" level="INFO">POST Request : url=http://qa-scooter.praktikum-services.ru/api/v1/courier/login 
 path_url=/api/v1/courier/login 
 headers={'User-Agent': 'python-requests/2.31.0', 'Accept-Encoding': 'gzip, deflate', 'Accept': '*/*', 'Connection': 'keep-alive', 'Content-Length': '36', 'Content-Type': 'application/x-www-form-urlencoded'} 
 body=login=AntonMedvedkinQA&amp;password=1234 
 </msg>
<msg timestamp="20230824 12:19:27.395" level="INFO">POST Response : url=http://qa-scooter.praktikum-services.ru/api/v1/courier/login 
 status=200, reason=OK 
 headers={'Access-Control-Allow-Origin': '*', 'Content-Length': '13', 'Content-Type': 'application/json; charset=utf-8', 'Date': 'Thu, 24 Aug 2023 09:19:27 GMT', 'ETag': 'W/"d-kSArtRiVN1d+b3G14bPSzF9d1+Y"', 'Set-Cookie': '_yasc=drKMiYQwleDpSqKn/DDtfvmwEFm3S/vl4/t8cJDxJZ71h6MXn0sFcCMvTrY=; domain=.praktikum-services.ru; path=/; expires=Sun, 21 Aug 2033 09:19:27 GMT; secure', 'X-Powered-By': 'Express', 'X-Request-Id': '1692868767361138-13088675128751691644'} 
 body={"id":216063} 
 </msg>
<msg timestamp="20230824 12:19:27.395" level="INFO">${response} = &lt;Response [200]&gt;</msg>
<status status="PASS" starttime="20230824 12:19:27.270" endtime="20230824 12:19:27.395"/>
</kw>
<kw name="DELETE" library="RequestsLibrary">
<arg>${BASE_URL}courier/${response.json()['id']}</arg>
<doc>Sends a DELETE request.</doc>
<msg timestamp="20230824 12:19:27.567" level="INFO">DELETE Request : url=http://qa-scooter.praktikum-services.ru/api/v1/courier/216063 
 path_url=/api/v1/courier/216063 
 headers={'User-Agent': 'python-requests/2.31.0', 'Accept-Encoding': 'gzip, deflate', 'Accept': '*/*', 'Connection': 'keep-alive', 'Content-Length': '0'} 
 body=None 
 </msg>
<msg timestamp="20230824 12:19:27.567" level="INFO">DELETE Response : url=http://qa-scooter.praktikum-services.ru/api/v1/courier/216063 
 status=200, reason=OK 
 headers={'Access-Control-Allow-Origin': '*', 'Content-Length': '11', 'Content-Type': 'application/json; charset=utf-8', 'Date': 'Thu, 24 Aug 2023 09:19:27 GMT', 'ETag': 'W/"b-Ai2R8hgEarLmHKwesT1qcY913ys"', 'Set-Cookie': '_yasc=8/j6Ye+l9TLvdDe+x83RnAuvWwIHmqgjA9SZhiG8jdghI+oxd+kebR/ULzFE; domain=.praktikum-services.ru; path=/; expires=Sun, 21 Aug 2033 09:19:27 GMT; secure', 'X-Powered-By': 'Express', 'X-Request-Id': '1692868767508401-14869261389307276041'} 
 body={"ok":true} 
 </msg>
<status status="PASS" starttime="20230824 12:19:27.395" endtime="20230824 12:19:27.567"/>
</kw>
<status status="PASS" starttime="20230824 12:19:27.254" endtime="20230824 12:19:27.567"/>
</kw>
<status status="PASS" starttime="20230824 12:19:26.250" endtime="20230824 12:19:27.583"/>
</test>
<test id="s1-s1-t3" name="Test Without Date - Create Without Login" line="22">
<kw name="Create Dictionary" library="BuiltIn">
<var>${json_data}</var>
<arg>password=1234</arg>
<arg>firstName=saske</arg>
<doc>Creates and returns a dictionary based on the given ``items``.</doc>
<msg timestamp="20230824 12:19:27.583" level="INFO">${json_data} = {'password': '1234', 'firstName': 'saske'}</msg>
<status status="PASS" starttime="20230824 12:19:27.583" endtime="20230824 12:19:27.583"/>
</kw>
<kw name="POST" library="RequestsLibrary">
<var>${response}</var>
<arg>${BASE_URL}courier</arg>
<arg>data=${json_data}</arg>
<arg>expected_status=400</arg>
<doc>Sends a POST request.</doc>
<msg timestamp="20230824 12:19:27.739" level="INFO">POST Request : url=http://qa-scooter.praktikum-services.ru/api/v1/courier 
 path_url=/api/v1/courier 
 headers={'User-Agent': 'python-requests/2.31.0', 'Accept-Encoding': 'gzip, deflate', 'Accept': '*/*', 'Connection': 'keep-alive', 'Content-Length': '29', 'Content-Type': 'application/x-www-form-urlencoded'} 
 body=password=1234&amp;firstName=saske 
 </msg>
<msg timestamp="20230824 12:19:27.739" level="INFO">POST Response : url=http://qa-scooter.praktikum-services.ru/api/v1/courier 
 status=400, reason=Bad Request 
 headers={'Access-Control-Allow-Origin': '*', 'Content-Length': '114', 'Content-Type': 'application/json; charset=utf-8', 'Date': 'Thu, 24 Aug 2023 09:19:27 GMT', 'ETag': 'W/"72-AUDx41VLe1HSztSRMybiiyHwcKY"', 'Set-Cookie': '_yasc=kaThLuGTKbQzoWLSZ5Os/SgwOgzEwPrbB9yKu2H8v6gX29chNZH2uRK//C0=; domain=.praktikum-services.ru; path=/; expires=Sun, 21 Aug 2033 09:19:27 GMT; secure', 'X-Powered-By': 'Express', 'X-Request-Id': '1692868767696773-11411907671244030071'} 
 body={"code":400,"message":"Недостаточно данных для создания учетной записи"} 
 </msg>
<msg timestamp="20230824 12:19:27.739" level="INFO">${response} = &lt;Response [400]&gt;</msg>
<status status="PASS" starttime="20230824 12:19:27.583" endtime="20230824 12:19:27.739"/>
</kw>
<kw name="Status Should Be" library="RequestsLibrary">
<arg>400</arg>
<arg>${response}</arg>
<doc>Fails if response status code is different than the expected.</doc>
<status status="PASS" starttime="20230824 12:19:27.739" endtime="20230824 12:19:27.748"/>
</kw>
<kw name="Should Be Equal As Strings" library="BuiltIn">
<arg>${response.json()}</arg>
<arg>{'code': 400, 'message': 'Недостаточно данных для создания учетной записи'}</arg>
<doc>Fails if objects are unequal after converting them to strings.</doc>
<msg timestamp="20230824 12:19:27.748" level="INFO">Argument types are:
&lt;class 'dict'&gt;
&lt;class 'str'&gt;</msg>
<status status="PASS" starttime="20230824 12:19:27.748" endtime="20230824 12:19:27.748"/>
</kw>
<status status="PASS" starttime="20230824 12:19:27.583" endtime="20230824 12:19:27.748"/>
</test>
<test id="s1-s1-t4" name="Test Without Date - Create Without Password" line="29">
<kw name="Create Dictionary" library="BuiltIn">
<var>${json_data}</var>
<arg>login=yura</arg>
<arg>firstName=saske</arg>
<doc>Creates and returns a dictionary based on the given ``items``.</doc>
<msg timestamp="20230824 12:19:27.748" level="INFO">${json_data} = {'login': 'yura', 'firstName': 'saske'}</msg>
<status status="PASS" starttime="20230824 12:19:27.748" endtime="20230824 12:19:27.748"/>
</kw>
<kw name="POST" library="RequestsLibrary">
<var>${response}</var>
<arg>${BASE_URL}courier</arg>
<arg>data=${json_data}</arg>
<arg>expected_status=400</arg>
<doc>Sends a POST request.</doc>
<msg timestamp="20230824 12:19:27.902" level="INFO">POST Request : url=http://qa-scooter.praktikum-services.ru/api/v1/courier 
 path_url=/api/v1/courier 
 headers={'User-Agent': 'python-requests/2.31.0', 'Accept-Encoding': 'gzip, deflate', 'Accept': '*/*', 'Connection': 'keep-alive', 'Content-Length': '26', 'Content-Type': 'application/x-www-form-urlencoded'} 
 body=login=yura&amp;firstName=saske 
 </msg>
<msg timestamp="20230824 12:19:27.902" level="INFO">POST Response : url=http://qa-scooter.praktikum-services.ru/api/v1/courier 
 status=400, reason=Bad Request 
 headers={'Access-Control-Allow-Origin': '*', 'Content-Length': '114', 'Content-Type': 'application/json; charset=utf-8', 'Date': 'Thu, 24 Aug 2023 09:19:27 GMT', 'ETag': 'W/"72-AUDx41VLe1HSztSRMybiiyHwcKY"', 'Set-Cookie': '_yasc=CkFgBDY5Ww4eppmR9Xj+li8B7Kld/UkfcrwPLH3AjZvQtplwcnlDeHhH1fY=; domain=.praktikum-services.ru; path=/; expires=Sun, 21 Aug 2033 09:19:27 GMT; secure', 'X-Powered-By': 'Express', 'X-Request-Id': '1692868767858333-2473888776845242857'} 
 body={"code":400,"message":"Недостаточно данных для создания учетной записи"} 
 </msg>
<msg timestamp="20230824 12:19:27.902" level="INFO">${response} = &lt;Response [400]&gt;</msg>
<status status="PASS" starttime="20230824 12:19:27.748" endtime="20230824 12:19:27.902"/>
</kw>
<kw name="Status Should Be" library="RequestsLibrary">
<arg>400</arg>
<arg>${response}</arg>
<doc>Fails if response status code is different than the expected.</doc>
<status status="PASS" starttime="20230824 12:19:27.902" endtime="20230824 12:19:27.902"/>
</kw>
<kw name="Should Be Equal As Strings" library="BuiltIn">
<arg>${response.json()}</arg>
<arg>{'code': 400, 'message': 'Недостаточно данных для создания учетной записи'}</arg>
<doc>Fails if objects are unequal after converting them to strings.</doc>
<msg timestamp="20230824 12:19:27.918" level="INFO">Argument types are:
&lt;class 'dict'&gt;
&lt;class 'str'&gt;</msg>
<status status="PASS" starttime="20230824 12:19:27.902" endtime="20230824 12:19:27.918"/>
</kw>
<status status="PASS" starttime="20230824 12:19:27.748" endtime="20230824 12:19:27.918"/>
</test>
<status status="FAIL" starttime="20230824 12:19:13.836" endtime="20230824 12:19:27.918"/>
</suite>
<suite id="s1-s2" name="test CourierDelete" source="C:\Users\1\Desktop\INTEXSOFT\yandex_test_robot\tests\test_CourierDelete.robot">
<test id="s1-s2-t1" name="Test Successful Deletion" line="8">
<kw name="Create Courier" library="keywords">
<kw name="Create Dictionary" library="BuiltIn">
<var>${json_data}</var>
<arg>login=${BASE_LOGIN}</arg>
<arg>password=1234</arg>
<arg>firstName=vasia</arg>
<doc>Creates and returns a dictionary based on the given ``items``.</doc>
<msg timestamp="20230824 12:19:27.949" level="INFO">${json_data} = {'login': 'AntonMedvedkinQA', 'password': '1234', 'firstName': 'vasia'}</msg>
<status status="PASS" starttime="20230824 12:19:27.949" endtime="20230824 12:19:27.949"/>
</kw>
<kw name="POST" library="RequestsLibrary">
<var>${response}</var>
<arg>${BASE_URL}courier</arg>
<arg>data=${json_data}</arg>
<doc>Sends a POST request.</doc>
<msg timestamp="20230824 12:19:28.152" level="INFO">POST Request : url=http://qa-scooter.praktikum-services.ru/api/v1/courier 
 path_url=/api/v1/courier 
 headers={'User-Agent': 'python-requests/2.31.0', 'Accept-Encoding': 'gzip, deflate', 'Accept': '*/*', 'Connection': 'keep-alive', 'Content-Length': '52', 'Content-Type': 'application/x-www-form-urlencoded'} 
 body=login=AntonMedvedkinQA&amp;password=1234&amp;firstName=vasia 
 </msg>
<msg timestamp="20230824 12:19:28.152" level="INFO">POST Response : url=http://qa-scooter.praktikum-services.ru/api/v1/courier 
 status=201, reason=Created 
 headers={'Access-Control-Allow-Origin': '*', 'Content-Length': '11', 'Content-Type': 'application/json; charset=utf-8', 'Date': 'Thu, 24 Aug 2023 09:19:28 GMT', 'ETag': 'W/"b-Ai2R8hgEarLmHKwesT1qcY913ys"', 'Set-Cookie': '_yasc=oLshwIN1/qaBoRs3kqKs2xf5xlQ4+UFu6Yqp3YJzlFro87TXukx16DMb19o=; domain=.praktikum-services.ru; path=/; expires=Sun, 21 Aug 2033 09:19:28 GMT; secure', 'X-Powered-By': 'Express', 'X-Request-Id': '1692868768050881-17193874279501871270'} 
 body={"ok":true} 
 </msg>
<msg timestamp="20230824 12:19:28.152" level="INFO">${response} = &lt;Response [201]&gt;</msg>
<status status="PASS" starttime="20230824 12:19:27.949" endtime="20230824 12:19:28.152"/>
</kw>
<status status="PASS" starttime="20230824 12:19:27.949" endtime="20230824 12:19:28.152"/>
</kw>
<kw name="Create Dictionary" library="BuiltIn">
<var>${json_data}</var>
<arg>login=${BASE_LOGIN}</arg>
<arg>password=1234</arg>
<doc>Creates and returns a dictionary based on the given ``items``.</doc>
<msg timestamp="20230824 12:19:28.152" level="INFO">${json_data} = {'login': 'AntonMedvedkinQA', 'password': '1234'}</msg>
<status status="PASS" starttime="20230824 12:19:28.152" endtime="20230824 12:19:28.152"/>
</kw>
<kw name="POST" library="RequestsLibrary">
<var>${response}</var>
<arg>${BASE_URL}courier/login</arg>
<arg>data=${json_data}</arg>
<doc>Sends a POST request.</doc>
<msg timestamp="20230824 12:19:28.277" level="INFO">POST Request : url=http://qa-scooter.praktikum-services.ru/api/v1/courier/login 
 path_url=/api/v1/courier/login 
 headers={'User-Agent': 'python-requests/2.31.0', 'Accept-Encoding': 'gzip, deflate', 'Accept': '*/*', 'Connection': 'keep-alive', 'Content-Length': '36', 'Content-Type': 'application/x-www-form-urlencoded'} 
 body=login=AntonMedvedkinQA&amp;password=1234 
 </msg>
<msg timestamp="20230824 12:19:28.293" level="INFO">POST Response : url=http://qa-scooter.praktikum-services.ru/api/v1/courier/login 
 status=200, reason=OK 
 headers={'Access-Control-Allow-Origin': '*', 'Content-Length': '13', 'Content-Type': 'application/json; charset=utf-8', 'Date': 'Thu, 24 Aug 2023 09:19:28 GMT', 'ETag': 'W/"d-X0n4WdwfEvmh0rhhmGkZwvwI8Bw"', 'Set-Cookie': '_yasc=ZWV8kva2L4tqBN3l/bwttnGeorcNHEl/e6JwAD2MFh/AB/5Ja9ZwhRxIdX3+; domain=.praktikum-services.ru; path=/; expires=Sun, 21 Aug 2033 09:19:28 GMT; secure', 'X-Powered-By': 'Express', 'X-Request-Id': '1692868768243807-10027986306468815989'} 
 body={"id":216064} 
 </msg>
<msg timestamp="20230824 12:19:28.293" level="INFO">${response} = &lt;Response [200]&gt;</msg>
<status status="PASS" starttime="20230824 12:19:28.152" endtime="20230824 12:19:28.293"/>
</kw>
<kw name="DELETE" library="RequestsLibrary">
<var>${response_delete}</var>
<arg>${BASE_URL}courier/${response.json()['id']}</arg>
<arg>expected_status=200</arg>
<doc>Sends a DELETE request.</doc>
<msg timestamp="20230824 12:19:28.441" level="INFO">DELETE Request : url=http://qa-scooter.praktikum-services.ru/api/v1/courier/216064 
 path_url=/api/v1/courier/216064 
 headers={'User-Agent': 'python-requests/2.31.0', 'Accept-Encoding': 'gzip, deflate', 'Accept': '*/*', 'Connection': 'keep-alive', 'Content-Length': '0'} 
 body=None 
 </msg>
<msg timestamp="20230824 12:19:28.441" level="INFO">DELETE Response : url=http://qa-scooter.praktikum-services.ru/api/v1/courier/216064 
 status=200, reason=OK 
 headers={'Access-Control-Allow-Origin': '*', 'Content-Length': '11', 'Content-Type': 'application/json; charset=utf-8', 'Date': 'Thu, 24 Aug 2023 09:19:28 GMT', 'ETag': 'W/"b-Ai2R8hgEarLmHKwesT1qcY913ys"', 'Set-Cookie': '_yasc=/YgtofhZUHXl3UfNtOroTB1KwsAHfAg6QRx4bsrcKMppeHIEUmQjS/N5v0o=; domain=.praktikum-services.ru; path=/; expires=Sun, 21 Aug 2033 09:19:28 GMT; secure', 'X-Powered-By': 'Express', 'X-Request-Id': '1692868768389667-3984336584944133861'} 
 body={"ok":true} 
 </msg>
<msg timestamp="20230824 12:19:28.441" level="INFO">${response_delete} = &lt;Response [200]&gt;</msg>
<status status="PASS" starttime="20230824 12:19:28.293" endtime="20230824 12:19:28.441"/>
</kw>
<kw name="Status Should Be" library="RequestsLibrary">
<arg>200</arg>
<arg>${response_delete}</arg>
<doc>Fails if response status code is different than the expected.</doc>
<status status="PASS" starttime="20230824 12:19:28.441" endtime="20230824 12:19:28.441"/>
</kw>
<kw name="Should Be Equal As Strings" library="BuiltIn">
<arg>${response_delete.json()}</arg>
<arg>{'ok': True}</arg>
<doc>Fails if objects are unequal after converting them to strings.</doc>
<msg timestamp="20230824 12:19:28.456" level="INFO">Argument types are:
&lt;class 'dict'&gt;
&lt;class 'str'&gt;</msg>
<status status="PASS" starttime="20230824 12:19:28.441" endtime="20230824 12:19:28.456"/>
</kw>
<status status="PASS" starttime="20230824 12:19:27.949" endtime="20230824 12:19:28.456"/>
</test>
<test id="s1-s2-t2" name="Test Deletion With Invalid ID" line="16">
<kw name="Set Variable" library="BuiltIn">
<var>${id}</var>
<arg>12345678</arg>
<doc>Returns the given values which can then be assigned to a variables.</doc>
<msg timestamp="20230824 12:19:28.456" level="INFO">${id} = 12345678</msg>
<status status="PASS" starttime="20230824 12:19:28.456" endtime="20230824 12:19:28.456"/>
</kw>
<kw name="DELETE" library="RequestsLibrary">
<var>${response}</var>
<arg>${BASE_URL}courier/${id}</arg>
<arg>expected_status=404</arg>
<doc>Sends a DELETE request.</doc>
<msg timestamp="20230824 12:19:28.644" level="INFO">DELETE Request : url=http://qa-scooter.praktikum-services.ru/api/v1/courier/12345678 
 path_url=/api/v1/courier/12345678 
 headers={'User-Agent': 'python-requests/2.31.0', 'Accept-Encoding': 'gzip, deflate', 'Accept': '*/*', 'Connection': 'keep-alive', 'Content-Length': '0'} 
 body=None 
 </msg>
<msg timestamp="20230824 12:19:28.644" level="INFO">DELETE Response : url=http://qa-scooter.praktikum-services.ru/api/v1/courier/12345678 
 status=404, reason=Not Found 
 headers={'Access-Control-Allow-Origin': '*', 'Content-Length': '64', 'Content-Type': 'application/json; charset=utf-8', 'Date': 'Thu, 24 Aug 2023 09:19:28 GMT', 'ETag': 'W/"40-tLkp/o3TzLGA5pEmOZ4MEpfo3Lo"', 'Set-Cookie': '_yasc=QwqQIaUiuP3g/HjL8ZOVii8ivVZZDyZUUoGOgIoKl9QhSOwMV2GBUkRgvSwW; domain=.praktikum-services.ru; path=/; expires=Sun, 21 Aug 2033 09:19:28 GMT; secure', 'X-Powered-By': 'Express', 'X-Request-Id': '1692868768554387-11637429160175114116'} 
 body={"code":404,"message":"Курьера с таким id нет."} 
 </msg>
<msg timestamp="20230824 12:19:28.644" level="INFO">${response} = &lt;Response [404]&gt;</msg>
<status status="PASS" starttime="20230824 12:19:28.456" endtime="20230824 12:19:28.644"/>
</kw>
<kw name="Status Should Be" library="RequestsLibrary">
<arg>404</arg>
<arg>${response}</arg>
<doc>Fails if response status code is different than the expected.</doc>
<status status="PASS" starttime="20230824 12:19:28.644" endtime="20230824 12:19:28.644"/>
</kw>
<kw name="Should Be Equal As Strings" library="BuiltIn">
<arg>${response.json()}</arg>
<arg>{'code': 404, 'message': 'Курьера с таким id нет.'}</arg>
<doc>Fails if objects are unequal after converting them to strings.</doc>
<msg timestamp="20230824 12:19:28.660" level="INFO">Argument types are:
&lt;class 'dict'&gt;
&lt;class 'str'&gt;</msg>
<status status="PASS" starttime="20230824 12:19:28.644" endtime="20230824 12:19:28.660"/>
</kw>
<status status="PASS" starttime="20230824 12:19:28.456" endtime="20230824 12:19:28.660"/>
</test>
<test id="s1-s2-t3" name="Test Deletion Without ID" line="22">
<kw name="DELETE" library="RequestsLibrary">
<var>${response}</var>
<arg>${BASE_URL}courier/</arg>
<arg>expected_status=400</arg>
<doc>Sends a DELETE request.</doc>
<msg timestamp="20230824 12:19:28.800" level="INFO">DELETE Request : url=http://qa-scooter.praktikum-services.ru/api/v1/courier/ 
 path_url=/api/v1/courier/ 
 headers={'User-Agent': 'python-requests/2.31.0', 'Accept-Encoding': 'gzip, deflate', 'Accept': '*/*', 'Connection': 'keep-alive', 'Content-Length': '0'} 
 body=None 
 </msg>
<msg timestamp="20230824 12:19:28.800" level="INFO">DELETE Response : url=http://qa-scooter.praktikum-services.ru/api/v1/courier/ 
 status=404, reason=Not Found 
 headers={'Access-Control-Allow-Origin': '*', 'Content-Length': '35', 'Content-Type': 'application/json; charset=utf-8', 'Date': 'Thu, 24 Aug 2023 09:19:28 GMT', 'ETag': 'W/"23-Yvz185z7FSkcImycPnr136En0mc"', 'Set-Cookie': '_yasc=mfi30/bAa9z94CpatTGmM2A3cQg4JK/wK6RSZzOdSgUUMmZe+Er8nKFdgkw=; domain=.praktikum-services.ru; path=/; expires=Sun, 21 Aug 2033 09:19:28 GMT; secure', 'X-Powered-By': 'Express', 'X-Request-Id': '1692868768761640-9038807405773038202'} 
 body={"code":404,"message":"Not Found."} 
 </msg>
<msg timestamp="20230824 12:19:28.800" level="FAIL">Url: http://qa-scooter.praktikum-services.ru/api/v1/courier/ Expected status: 404 != 400</msg>
<status status="FAIL" starttime="20230824 12:19:28.660" endtime="20230824 12:19:28.847"/>
</kw>
<kw name="Status Should Be" library="RequestsLibrary">
<arg>400</arg>
<arg>${response}</arg>
<doc>Fails if response status code is different than the expected.</doc>
<status status="NOT RUN" starttime="20230824 12:19:28.857" endtime="20230824 12:19:28.857"/>
</kw>
<kw name="Should Be Equal As Strings" library="BuiltIn">
<arg>${response.json()}</arg>
<arg>{'code': 400, 'message': 'Недостаточно данных для удаления курьера'}</arg>
<doc>Fails if objects are unequal after converting them to strings.</doc>
<status status="NOT RUN" starttime="20230824 12:19:28.857" endtime="20230824 12:19:28.857"/>
</kw>
<status status="FAIL" starttime="20230824 12:19:28.660" endtime="20230824 12:19:28.857">Url: http://qa-scooter.praktikum-services.ru/api/v1/courier/ Expected status: 404 != 400</status>
</test>
<status status="FAIL" starttime="20230824 12:19:27.918" endtime="20230824 12:19:28.857"/>
</suite>
<suite id="s1-s3" name="test CourierLogin" source="C:\Users\1\Desktop\INTEXSOFT\yandex_test_robot\tests\test_CourierLogin.robot">
<test id="s1-s3-t1" name="Test The Courier Can Log In" line="8">
<kw name="Create Dictionary" library="BuiltIn">
<var>${json_data}</var>
<arg>login=${BASE_LOGIN}</arg>
<arg>password=1234</arg>
<arg>firstName=vasia</arg>
<doc>Creates and returns a dictionary based on the given ``items``.</doc>
<msg timestamp="20230824 12:19:28.888" level="INFO">${json_data} = {'login': 'AntonMedvedkinQA', 'password': '1234', 'firstName': 'vasia'}</msg>
<status status="PASS" starttime="20230824 12:19:28.888" endtime="20230824 12:19:28.888"/>
</kw>
<kw name="POST" library="RequestsLibrary">
<arg>${BASE_URL}courier</arg>
<arg>data=${json_data}</arg>
<doc>Sends a POST request.</doc>
<msg timestamp="20230824 12:19:29.057" level="INFO">POST Request : url=http://qa-scooter.praktikum-services.ru/api/v1/courier 
 path_url=/api/v1/courier 
 headers={'User-Agent': 'python-requests/2.31.0', 'Accept-Encoding': 'gzip, deflate', 'Accept': '*/*', 'Connection': 'keep-alive', 'Content-Length': '52', 'Content-Type': 'application/x-www-form-urlencoded'} 
 body=login=AntonMedvedkinQA&amp;password=1234&amp;firstName=vasia 
 </msg>
<msg timestamp="20230824 12:19:29.057" level="INFO">POST Response : url=http://qa-scooter.praktikum-services.ru/api/v1/courier 
 status=201, reason=Created 
 headers={'Access-Control-Allow-Origin': '*', 'Content-Length': '11', 'Content-Type': 'application/json; charset=utf-8', 'Date': 'Thu, 24 Aug 2023 09:19:29 GMT', 'ETag': 'W/"b-Ai2R8hgEarLmHKwesT1qcY913ys"', 'Set-Cookie': '_yasc=R4WxMWySGzvO5ipopGJea7Qv1r/UyZa0cSRU1wf1SbKVk0ETRrNXm/IqMCM=; domain=.praktikum-services.ru; path=/; expires=Sun, 21 Aug 2033 09:19:28 GMT; secure', 'X-Powered-By': 'Express', 'X-Request-Id': '1692868768993169-12107989778473080259'} 
 body={"ok":true} 
 </msg>
<status status="PASS" starttime="20230824 12:19:28.888" endtime="20230824 12:19:29.057"/>
</kw>
<kw name="Create Dictionary" library="BuiltIn">
<var>${json_data}</var>
<arg>login=${BASE_LOGIN}</arg>
<arg>password=1234</arg>
<doc>Creates and returns a dictionary based on the given ``items``.</doc>
<msg timestamp="20230824 12:19:29.057" level="INFO">${json_data} = {'login': 'AntonMedvedkinQA', 'password': '1234'}</msg>
<status status="PASS" starttime="20230824 12:19:29.057" endtime="20230824 12:19:29.057"/>
</kw>
<kw name="POST" library="RequestsLibrary">
<var>${response}</var>
<arg>${BASE_URL}courier/login</arg>
<arg>data=${json_data}</arg>
<arg>expected_status=200</arg>
<doc>Sends a POST request.</doc>
<msg timestamp="20230824 12:19:29.219" level="INFO">POST Request : url=http://qa-scooter.praktikum-services.ru/api/v1/courier/login 
 path_url=/api/v1/courier/login 
 headers={'User-Agent': 'python-requests/2.31.0', 'Accept-Encoding': 'gzip, deflate', 'Accept': '*/*', 'Connection': 'keep-alive', 'Content-Length': '36', 'Content-Type': 'application/x-www-form-urlencoded'} 
 body=login=AntonMedvedkinQA&amp;password=1234 
 </msg>
<msg timestamp="20230824 12:19:29.219" level="INFO">POST Response : url=http://qa-scooter.praktikum-services.ru/api/v1/courier/login 
 status=200, reason=OK 
 headers={'Access-Control-Allow-Origin': '*', 'Content-Length': '13', 'Content-Type': 'application/json; charset=utf-8', 'Date': 'Thu, 24 Aug 2023 09:19:29 GMT', 'ETag': 'W/"d-2L4jjTh5v3SvU/RO3M38UivofeE"', 'Set-Cookie': '_yasc=ext0XQKNMiURF6OYdA45l8FGy5bp7sctBxyE3TlWLLNMgtXxN1ugGRiQces=; domain=.praktikum-services.ru; path=/; expires=Sun, 21 Aug 2033 09:19:29 GMT; secure', 'X-Powered-By': 'Express', 'X-Request-Id': '1692868769169486-12054957401907492172'} 
 body={"id":216065} 
 </msg>
<msg timestamp="20230824 12:19:29.219" level="INFO">${response} = &lt;Response [200]&gt;</msg>
<status status="PASS" starttime="20230824 12:19:29.057" endtime="20230824 12:19:29.219"/>
</kw>
<kw name="Status Should Be" library="RequestsLibrary">
<arg>200</arg>
<arg>${response}</arg>
<doc>Fails if response status code is different than the expected.</doc>
<status status="PASS" starttime="20230824 12:19:29.219" endtime="20230824 12:19:29.235"/>
</kw>
<kw name="Delete Courier" library="keywords">
<kw name="Create Dictionary" library="BuiltIn">
<var>${json_data}</var>
<arg>login=${BASE_LOGIN}</arg>
<arg>password=1234</arg>
<doc>Creates and returns a dictionary based on the given ``items``.</doc>
<msg timestamp="20230824 12:19:29.235" level="INFO">${json_data} = {'login': 'AntonMedvedkinQA', 'password': '1234'}</msg>
<status status="PASS" starttime="20230824 12:19:29.235" endtime="20230824 12:19:29.235"/>
</kw>
<kw name="POST" library="RequestsLibrary">
<var>${response}</var>
<arg>${BASE_URL}courier/login</arg>
<arg>data=${json_data}</arg>
<doc>Sends a POST request.</doc>
<msg timestamp="20230824 12:19:29.443" level="INFO">POST Request : url=http://qa-scooter.praktikum-services.ru/api/v1/courier/login 
 path_url=/api/v1/courier/login 
 headers={'User-Agent': 'python-requests/2.31.0', 'Accept-Encoding': 'gzip, deflate', 'Accept': '*/*', 'Connection': 'keep-alive', 'Content-Length': '36', 'Content-Type': 'application/x-www-form-urlencoded'} 
 body=login=AntonMedvedkinQA&amp;password=1234 
 </msg>
<msg timestamp="20230824 12:19:29.443" level="INFO">POST Response : url=http://qa-scooter.praktikum-services.ru/api/v1/courier/login 
 status=200, reason=OK 
 headers={'Access-Control-Allow-Origin': '*', 'Content-Length': '13', 'Content-Type': 'application/json; charset=utf-8', 'Date': 'Thu, 24 Aug 2023 09:19:29 GMT', 'ETag': 'W/"d-2L4jjTh5v3SvU/RO3M38UivofeE"', 'Set-Cookie': '_yasc=cBMEJX6DU16zfaRBGnh+5Lw2U3kghszmngYT++tMx9Rc6ZXs2LNWyvckjXSa; domain=.praktikum-services.ru; path=/; expires=Sun, 21 Aug 2033 09:19:29 GMT; secure', 'X-Powered-By': 'Express', 'X-Request-Id': '1692868769335141-9251343698043459787'} 
 body={"id":216065} 
 </msg>
<msg timestamp="20230824 12:19:29.443" level="INFO">${response} = &lt;Response [200]&gt;</msg>
<status status="PASS" starttime="20230824 12:19:29.235" endtime="20230824 12:19:29.443"/>
</kw>
<kw name="DELETE" library="RequestsLibrary">
<arg>${BASE_URL}courier/${response.json()['id']}</arg>
<doc>Sends a DELETE request.</doc>
<msg timestamp="20230824 12:19:29.638" level="INFO">DELETE Request : url=http://qa-scooter.praktikum-services.ru/api/v1/courier/216065 
 path_url=/api/v1/courier/216065 
 headers={'User-Agent': 'python-requests/2.31.0', 'Accept-Encoding': 'gzip, deflate', 'Accept': '*/*', 'Connection': 'keep-alive', 'Content-Length': '0'} 
 body=None 
 </msg>
<msg timestamp="20230824 12:19:29.638" level="INFO">DELETE Response : url=http://qa-scooter.praktikum-services.ru/api/v1/courier/216065 
 status=200, reason=OK 
 headers={'Access-Control-Allow-Origin': '*', 'Content-Length': '11', 'Content-Type': 'application/json; charset=utf-8', 'Date': 'Thu, 24 Aug 2023 09:19:29 GMT', 'ETag': 'W/"b-Ai2R8hgEarLmHKwesT1qcY913ys"', 'Set-Cookie': '_yasc=8j+wU4ViAQmY9JVcJPC0JWln1XEmQo8Q4luPL1UuDPwysWtnQzaZCWdwtail; domain=.praktikum-services.ru; path=/; expires=Sun, 21 Aug 2033 09:19:29 GMT; secure', 'X-Powered-By': 'Express', 'X-Request-Id': '1692868769548308-11903137232092240048'} 
 body={"ok":true} 
 </msg>
<status status="PASS" starttime="20230824 12:19:29.443" endtime="20230824 12:19:29.638"/>
</kw>
<status status="PASS" starttime="20230824 12:19:29.235" endtime="20230824 12:19:29.638"/>
</kw>
<status status="PASS" starttime="20230824 12:19:28.888" endtime="20230824 12:19:29.638"/>
</test>
<test id="s1-s3-t2" name="Test Without Data - Login Without Login" line="16">
<kw name="Create Dictionary" library="BuiltIn">
<var>${json_data}</var>
<arg>password=1234</arg>
<doc>Creates and returns a dictionary based on the given ``items``.</doc>
<msg timestamp="20230824 12:19:29.653" level="INFO">${json_data} = {'password': '1234'}</msg>
<status status="PASS" starttime="20230824 12:19:29.653" endtime="20230824 12:19:29.653"/>
</kw>
<kw name="POST" library="RequestsLibrary">
<var>${response}</var>
<arg>${BASE_URL}courier/login</arg>
<arg>data=${json_data}</arg>
<arg>expected_status=400</arg>
<doc>Sends a POST request.</doc>
<msg timestamp="20230824 12:19:29.825" level="INFO">POST Request : url=http://qa-scooter.praktikum-services.ru/api/v1/courier/login 
 path_url=/api/v1/courier/login 
 headers={'User-Agent': 'python-requests/2.31.0', 'Accept-Encoding': 'gzip, deflate', 'Accept': '*/*', 'Connection': 'keep-alive', 'Content-Length': '13', 'Content-Type': 'application/x-www-form-urlencoded'} 
 body=password=1234 
 </msg>
<msg timestamp="20230824 12:19:29.825" level="INFO">POST Response : url=http://qa-scooter.praktikum-services.ru/api/v1/courier/login 
 status=400, reason=Bad Request 
 headers={'Access-Control-Allow-Origin': '*', 'Content-Length': '80', 'Content-Type': 'application/json; charset=utf-8', 'Date': 'Thu, 24 Aug 2023 09:19:29 GMT', 'ETag': 'W/"50-LwGSJxcCDIE8JNxAo8HI82cPc8A"', 'Set-Cookie': '_yasc=iSmbMgQWKhM2Eirz6InfFh+BlRyuz9HiPZDeYyYWJ6Hf1TnL01yOSz3WBVY5; domain=.praktikum-services.ru; path=/; expires=Sun, 21 Aug 2033 09:19:29 GMT; secure', 'X-Powered-By': 'Express', 'X-Request-Id': '1692868769763449-14578945774822473755'} 
 body={"code":400,"message":"Недостаточно данных для входа"} 
 </msg>
<msg timestamp="20230824 12:19:29.825" level="INFO">${response} = &lt;Response [400]&gt;</msg>
<status status="PASS" starttime="20230824 12:19:29.653" endtime="20230824 12:19:29.825"/>
</kw>
<kw name="Status Should Be" library="RequestsLibrary">
<arg>400</arg>
<arg>${response}</arg>
<doc>Fails if response status code is different than the expected.</doc>
<status status="PASS" starttime="20230824 12:19:29.825" endtime="20230824 12:19:29.825"/>
</kw>
<kw name="Should Be Equal As Strings" library="BuiltIn">
<arg>${response.json()}</arg>
<arg>{'code': 400, 'message': 'Недостаточно данных для входа'}</arg>
<doc>Fails if objects are unequal after converting them to strings.</doc>
<msg timestamp="20230824 12:19:29.841" level="INFO">Argument types are:
&lt;class 'dict'&gt;
&lt;class 'str'&gt;</msg>
<status status="PASS" starttime="20230824 12:19:29.825" endtime="20230824 12:19:29.841"/>
</kw>
<status status="PASS" starttime="20230824 12:19:29.653" endtime="20230824 12:19:29.841"/>
</test>
<test id="s1-s3-t3" name="Test Without Data - Login Without Password" line="22">
<kw name="Create Dictionary" library="BuiltIn">
<var>${json_data}</var>
<arg>login=Vas1</arg>
<doc>Creates and returns a dictionary based on the given ``items``.</doc>
<msg timestamp="20230824 12:19:29.841" level="INFO">${json_data} = {'login': 'Vas1'}</msg>
<status status="PASS" starttime="20230824 12:19:29.841" endtime="20230824 12:19:29.841"/>
</kw>
<kw name="POST" library="RequestsLibrary">
<var>${response}</var>
<arg>${BASE_URL}courier/login</arg>
<arg>data=${json_data}</arg>
<arg>expected_status=400</arg>
<doc>Sends a POST request.</doc>
<msg timestamp="20230824 12:20:30.013" level="INFO">POST Request : url=http://qa-scooter.praktikum-services.ru/api/v1/courier/login 
 path_url=/api/v1/courier/login 
 headers={'User-Agent': 'python-requests/2.31.0', 'Accept-Encoding': 'gzip, deflate', 'Accept': '*/*', 'Connection': 'keep-alive', 'Content-Length': '10', 'Content-Type': 'application/x-www-form-urlencoded'} 
 body=login=Vas1 
 </msg>
<msg timestamp="20230824 12:20:30.013" level="INFO">POST Response : url=http://qa-scooter.praktikum-services.ru/api/v1/courier/login 
 status=504, reason=Gateway time out 
 headers={'Content-Length': '19', 'Set-Cookie': '_yasc=vo2GRmBKf7KKz2zLQQcOeHPmMXw+vVfyrMYSO9D11cjN3jGzzZ2nvxWzC/iX; domain=.praktikum-services.ru; path=/; expires=Sun, 21 Aug 2033 09:19:29 GMT; secure', 'X-Request-Id': '1692868769976759-14556314165224413930'} 
 body=Service unavailable 
 </msg>
<msg timestamp="20230824 12:20:30.029" level="FAIL">Url: http://qa-scooter.praktikum-services.ru/api/v1/courier/login Expected status: 504 != 400</msg>
<status status="FAIL" starttime="20230824 12:19:29.841" endtime="20230824 12:20:30.029"/>
</kw>
<kw name="Status Should Be" library="RequestsLibrary">
<arg>400</arg>
<arg>${response}</arg>
<doc>Fails if response status code is different than the expected.</doc>
<status status="NOT RUN" starttime="20230824 12:20:30.029" endtime="20230824 12:20:30.029"/>
</kw>
<kw name="Should Be Equal As Strings" library="BuiltIn">
<arg>${response.json()}</arg>
<arg>{'code': 400, 'message': 'Недостаточно данных для входа'}</arg>
<doc>Fails if objects are unequal after converting them to strings.</doc>
<status status="NOT RUN" starttime="20230824 12:20:30.029" endtime="20230824 12:20:30.029"/>
</kw>
<status status="FAIL" starttime="20230824 12:19:29.841" endtime="20230824 12:20:30.029">Url: http://qa-scooter.praktikum-services.ru/api/v1/courier/login Expected status: 504 != 400</status>
</test>
<test id="s1-s3-t4" name="Test Entering Non-Existent Data - Invalid Logs" line="28">
<kw name="Create Dictionary" library="BuiltIn">
<var>${json_data}</var>
<arg>login=Inanko</arg>
<arg>password=1234</arg>
<doc>Creates and returns a dictionary based on the given ``items``.</doc>
<msg timestamp="20230824 12:20:30.044" level="INFO">${json_data} = {'login': 'Inanko', 'password': '1234'}</msg>
<status status="PASS" starttime="20230824 12:20:30.044" endtime="20230824 12:20:30.044"/>
</kw>
<kw name="POST" library="RequestsLibrary">
<var>${response}</var>
<arg>${BASE_URL}courier/login</arg>
<arg>data=${json_data}</arg>
<arg>expected_status=404</arg>
<doc>Sends a POST request.</doc>
<msg timestamp="20230824 12:20:30.255" level="INFO">POST Request : url=http://qa-scooter.praktikum-services.ru/api/v1/courier/login 
 path_url=/api/v1/courier/login 
 headers={'User-Agent': 'python-requests/2.31.0', 'Accept-Encoding': 'gzip, deflate', 'Accept': '*/*', 'Connection': 'keep-alive', 'Content-Length': '26', 'Content-Type': 'application/x-www-form-urlencoded'} 
 body=login=Inanko&amp;password=1234 
 </msg>
<msg timestamp="20230824 12:20:30.255" level="INFO">POST Response : url=http://qa-scooter.praktikum-services.ru/api/v1/courier/login 
 status=404, reason=Not Found 
 headers={'Access-Control-Allow-Origin': '*', 'Content-Length': '72', 'Content-Type': 'application/json; charset=utf-8', 'Date': 'Thu, 24 Aug 2023 09:20:30 GMT', 'ETag': 'W/"48-SNOWaDub1LGYtleYI6ITphu8xIQ"', 'Set-Cookie': '_yasc=50Kz0EcUasbs2rkJLW7c8TjhMcSonglEVc+qZfHpsjZSBCtGYa/a8KY5ldvP; domain=.praktikum-services.ru; path=/; expires=Sun, 21 Aug 2033 09:20:30 GMT; secure', 'X-Powered-By': 'Express', 'X-Request-Id': '1692868830149810-791907965462501159'} 
 body={"code":404,"message":"Учетная запись не найдена"} 
 </msg>
<msg timestamp="20230824 12:20:30.256" level="INFO">${response} = &lt;Response [404]&gt;</msg>
<status status="PASS" starttime="20230824 12:20:30.044" endtime="20230824 12:20:30.256"/>
</kw>
<kw name="Status Should Be" library="RequestsLibrary">
<arg>404</arg>
<arg>${response}</arg>
<doc>Fails if response status code is different than the expected.</doc>
<status status="PASS" starttime="20230824 12:20:30.257" endtime="20230824 12:20:30.257"/>
</kw>
<kw name="Should Be Equal As Strings" library="BuiltIn">
<arg>${response.json()}</arg>
<arg>{'code': 404, 'message': 'Учетная запись не найдена'}</arg>
<doc>Fails if objects are unequal after converting them to strings.</doc>
<msg timestamp="20230824 12:20:30.259" level="INFO">Argument types are:
&lt;class 'dict'&gt;
&lt;class 'str'&gt;</msg>
<status status="PASS" starttime="20230824 12:20:30.258" endtime="20230824 12:20:30.260"/>
</kw>
<status status="PASS" starttime="20230824 12:20:30.029" endtime="20230824 12:20:30.260"/>
</test>
<test id="s1-s3-t5" name="Test Entering Non-Existent Data - Invalid Password" line="34">
<kw name="Create Dictionary" library="BuiltIn">
<var>${json_data}</var>
<arg>login=Vas1</arg>
<arg>password=123456788</arg>
<doc>Creates and returns a dictionary based on the given ``items``.</doc>
<msg timestamp="20230824 12:20:30.264" level="INFO">${json_data} = {'login': 'Vas1', 'password': '123456788'}</msg>
<status status="PASS" starttime="20230824 12:20:30.263" endtime="20230824 12:20:30.264"/>
</kw>
<kw name="POST" library="RequestsLibrary">
<var>${response}</var>
<arg>${BASE_URL}courier/login</arg>
<arg>data=${json_data}</arg>
<arg>expected_status=404</arg>
<doc>Sends a POST request.</doc>
<msg timestamp="20230824 12:20:30.470" level="INFO">POST Request : url=http://qa-scooter.praktikum-services.ru/api/v1/courier/login 
 path_url=/api/v1/courier/login 
 headers={'User-Agent': 'python-requests/2.31.0', 'Accept-Encoding': 'gzip, deflate', 'Accept': '*/*', 'Connection': 'keep-alive', 'Content-Length': '29', 'Content-Type': 'application/x-www-form-urlencoded'} 
 body=login=Vas1&amp;password=123456788 
 </msg>
<msg timestamp="20230824 12:20:30.470" level="INFO">POST Response : url=http://qa-scooter.praktikum-services.ru/api/v1/courier/login 
 status=404, reason=Not Found 
 headers={'Access-Control-Allow-Origin': '*', 'Content-Length': '72', 'Content-Type': 'application/json; charset=utf-8', 'Date': 'Thu, 24 Aug 2023 09:20:30 GMT', 'ETag': 'W/"48-SNOWaDub1LGYtleYI6ITphu8xIQ"', 'Set-Cookie': '_yasc=IrPwN8gUwWWNMmN4/WHy0dnyEHCRoFr0CATBMLQusxW7dsdjSzMZDGF54c8=; domain=.praktikum-services.ru; path=/; expires=Sun, 21 Aug 2033 09:20:30 GMT; secure', 'X-Powered-By': 'Express', 'X-Request-Id': '1692868830348145-16449178100933479481'} 
 body={"code":404,"message":"Учетная запись не найдена"} 
 </msg>
<msg timestamp="20230824 12:20:30.470" level="INFO">${response} = &lt;Response [404]&gt;</msg>
<status status="PASS" starttime="20230824 12:20:30.265" endtime="20230824 12:20:30.470"/>
</kw>
<kw name="Status Should Be" library="RequestsLibrary">
<arg>404</arg>
<arg>${response}</arg>
<doc>Fails if response status code is different than the expected.</doc>
<status status="PASS" starttime="20230824 12:20:30.485" endtime="20230824 12:20:30.485"/>
</kw>
<kw name="Should Be Equal As Strings" library="BuiltIn">
<arg>${response.json()}</arg>
<arg>{'code': 404, 'message': 'Учетная запись не найдена'}</arg>
<doc>Fails if objects are unequal after converting them to strings.</doc>
<msg timestamp="20230824 12:20:30.485" level="INFO">Argument types are:
&lt;class 'dict'&gt;
&lt;class 'str'&gt;</msg>
<status status="PASS" starttime="20230824 12:20:30.485" endtime="20230824 12:20:30.485"/>
</kw>
<status status="PASS" starttime="20230824 12:20:30.262" endtime="20230824 12:20:30.485"/>
</test>
<status status="FAIL" starttime="20230824 12:19:28.872" endtime="20230824 12:20:30.485"/>
</suite>
<suite id="s1-s4" name="test OrderAcceptance" source="C:\Users\1\Desktop\INTEXSOFT\yandex_test_robot\tests\test_OrderAcceptance.robot">
<test id="s1-s4-t1" name="Test Successful Order Acceptance" line="8">
<kw name="Login Courier" library="keywords">
<var>${login_courier}</var>
<kw name="Create Dictionary" library="BuiltIn">
<var>${json_data}</var>
<arg>login=${BASE_LOGIN}</arg>
<arg>password=1234</arg>
<arg>firstName=vasia</arg>
<doc>Creates and returns a dictionary based on the given ``items``.</doc>
<msg timestamp="20230824 12:20:30.517" level="INFO">${json_data} = {'login': 'AntonMedvedkinQA', 'password': '1234', 'firstName': 'vasia'}</msg>
<status status="PASS" starttime="20230824 12:20:30.517" endtime="20230824 12:20:30.517"/>
</kw>
<kw name="POST" library="RequestsLibrary">
<arg>${BASE_URL}courier</arg>
<arg>data=${json_data}</arg>
<doc>Sends a POST request.</doc>
<msg timestamp="20230824 12:20:30.688" level="INFO">POST Request : url=http://qa-scooter.praktikum-services.ru/api/v1/courier 
 path_url=/api/v1/courier 
 headers={'User-Agent': 'python-requests/2.31.0', 'Accept-Encoding': 'gzip, deflate', 'Accept': '*/*', 'Connection': 'keep-alive', 'Content-Length': '52', 'Content-Type': 'application/x-www-form-urlencoded'} 
 body=login=AntonMedvedkinQA&amp;password=1234&amp;firstName=vasia 
 </msg>
<msg timestamp="20230824 12:20:30.688" level="INFO">POST Response : url=http://qa-scooter.praktikum-services.ru/api/v1/courier 
 status=201, reason=Created 
 headers={'Access-Control-Allow-Origin': '*', 'Content-Length': '11', 'Content-Type': 'application/json; charset=utf-8', 'Date': 'Thu, 24 Aug 2023 09:20:30 GMT', 'ETag': 'W/"b-Ai2R8hgEarLmHKwesT1qcY913ys"', 'Set-Cookie': '_yasc=C6Yd5D1rZ+mXLPWLaH33lmWb38BpToeoCT2G97OZ+/CZavlqxOIJ1poViaI=; domain=.praktikum-services.ru; path=/; expires=Sun, 21 Aug 2033 09:20:30 GMT; secure', 'X-Powered-By': 'Express', 'X-Request-Id': '1692868830626520-16566027152822044358'} 
 body={"ok":true} 
 </msg>
<status status="PASS" starttime="20230824 12:20:30.517" endtime="20230824 12:20:30.688"/>
</kw>
<kw name="Create Dictionary" library="BuiltIn">
<var>${json_data}</var>
<arg>login=${BASE_LOGIN}</arg>
<arg>password=1234</arg>
<doc>Creates and returns a dictionary based on the given ``items``.</doc>
<msg timestamp="20230824 12:20:30.688" level="INFO">${json_data} = {'login': 'AntonMedvedkinQA', 'password': '1234'}</msg>
<status status="PASS" starttime="20230824 12:20:30.688" endtime="20230824 12:20:30.688"/>
</kw>
<kw name="POST" library="RequestsLibrary">
<var>${response}</var>
<arg>${BASE_URL}courier/login</arg>
<arg>data=${json_data}</arg>
<doc>Sends a POST request.</doc>
<msg timestamp="20230824 12:20:30.825" level="INFO">POST Request : url=http://qa-scooter.praktikum-services.ru/api/v1/courier/login 
 path_url=/api/v1/courier/login 
 headers={'User-Agent': 'python-requests/2.31.0', 'Accept-Encoding': 'gzip, deflate', 'Accept': '*/*', 'Connection': 'keep-alive', 'Content-Length': '36', 'Content-Type': 'application/x-www-form-urlencoded'} 
 body=login=AntonMedvedkinQA&amp;password=1234 
 </msg>
<msg timestamp="20230824 12:20:30.841" level="INFO">POST Response : url=http://qa-scooter.praktikum-services.ru/api/v1/courier/login 
 status=200, reason=OK 
 headers={'Access-Control-Allow-Origin': '*', 'Content-Length': '13', 'Content-Type': 'application/json; charset=utf-8', 'Date': 'Thu, 24 Aug 2023 09:20:30 GMT', 'ETag': 'W/"d-Oqk/4vIs7G4GYExNtaFubmFA914"', 'Set-Cookie': '_yasc=6IwkpEO5KdOwArCgGikL49/pdgRKjObosvyHJyy87o3sNdV3vS1HxN/C4ns=; domain=.praktikum-services.ru; path=/; expires=Sun, 21 Aug 2033 09:20:30 GMT; secure', 'X-Powered-By': 'Express', 'X-Request-Id': '1692868830791149-12818918046076172002'} 
 body={"id":216066} 
 </msg>
<msg timestamp="20230824 12:20:30.841" level="INFO">${response} = &lt;Response [200]&gt;</msg>
<status status="PASS" starttime="20230824 12:20:30.688" endtime="20230824 12:20:30.841"/>
</kw>
<kw name="Set Variable" library="BuiltIn">
<var>${data}</var>
<arg>${response.json()}</arg>
<doc>Returns the given values which can then be assigned to a variables.</doc>
<msg timestamp="20230824 12:20:30.841" level="INFO">${data} = {'id': 216066}</msg>
<status status="PASS" starttime="20230824 12:20:30.841" endtime="20230824 12:20:30.841"/>
</kw>
<kw name="Set Variable" library="BuiltIn">
<var>${id}</var>
<arg>${data['id']}</arg>
<doc>Returns the given values which can then be assigned to a variables.</doc>
<msg timestamp="20230824 12:20:30.841" level="INFO">${id} = 216066</msg>
<status status="PASS" starttime="20230824 12:20:30.841" endtime="20230824 12:20:30.841"/>
</kw>
<msg timestamp="20230824 12:20:30.841" level="INFO">${login_courier} = 216066</msg>
<status status="PASS" starttime="20230824 12:20:30.517" endtime="20230824 12:20:30.841"/>
</kw>
<kw name="Create Order ID" library="keywords">
<var>${create_order_id}</var>
<kw name="Create List" library="BuiltIn">
<var>${color_list}</var>
<arg>BLACK</arg>
<doc>Returns a list containing given items.</doc>
<msg timestamp="20230824 12:20:30.841" level="INFO">${color_list} = ['BLACK']</msg>
<status status="PASS" starttime="20230824 12:20:30.841" endtime="20230824 12:20:30.841"/>
</kw>
<kw name="Create Dictionary" library="BuiltIn">
<var>${json_data}</var>
<arg>firstName=Anton</arg>
<arg>lastName=Uchiha</arg>
<arg>address=Konoha, 142 apt.</arg>
<arg>metroStation=4</arg>
<arg>phone=+7 800 355 35 35</arg>
<arg>rentTime=5</arg>
<arg>deliveryDate=2020-06-06</arg>
<arg>comment=Saske, come back to Konoha</arg>
<arg>color=${color_list}</arg>
<doc>Creates and returns a dictionary based on the given ``items``.</doc>
<msg timestamp="20230824 12:20:30.856" level="INFO">${json_data} = {'firstName': 'Anton', 'lastName': 'Uchiha', 'address': 'Konoha, 142 apt.', 'metroStation': '4', 'phone': '+7 800 355 35 35', 'rentTime': '5', 'deliveryDate': '2020-06-06', 'comment': 'Saske, come bac...</msg>
<status status="PASS" starttime="20230824 12:20:30.841" endtime="20230824 12:20:30.856"/>
</kw>
<kw name="POST" library="RequestsLibrary">
<var>${response}</var>
<arg>${BASE_URL}orders</arg>
<arg>json=${json_data}</arg>
<doc>Sends a POST request.</doc>
<msg timestamp="20230824 12:20:31.004" level="INFO">POST Request : url=http://qa-scooter.praktikum-services.ru/api/v1/orders 
 path_url=/api/v1/orders 
 headers={'User-Agent': 'python-requests/2.31.0', 'Accept-Encoding': 'gzip, deflate', 'Accept': '*/*', 'Connection': 'keep-alive', 'Content-Length': '233', 'Content-Type': 'application/json'} 
 body=b'{"firstName": "Anton", "lastName": "Uchiha", "address": "Konoha, 142 apt.", "metroStation": "4", "phone": "+7 800 355 35 35", "rentTime": "5", "deliveryDate": "2020-06-06", "comment": "Saske, come back to Konoha", "color": ["BLACK"]}' 
 </msg>
<msg timestamp="20230824 12:20:31.004" level="INFO">POST Response : url=http://qa-scooter.praktikum-services.ru/api/v1/orders 
 status=201, reason=Created 
 headers={'Access-Control-Allow-Origin': '*', 'Content-Length': '15', 'Content-Type': 'application/json; charset=utf-8', 'Date': 'Thu, 24 Aug 2023 09:20:30 GMT', 'ETag': 'W/"f-fUZ/kmLGAwK4K/eJDnLw70iym14"', 'Set-Cookie': '_yasc=jg4pxCnLXcr2Lxgj/AWwyEpP9LD+MXqLPqYCJMXiQJBCL3yW8t5nIe7xd7dT; domain=.praktikum-services.ru; path=/; expires=Sun, 21 Aug 2033 09:20:30 GMT; secure', 'X-Powered-By': 'Express', 'X-Request-Id': '1692868830948009-6134600843599989242'} 
 body={"track":92338} 
 </msg>
<msg timestamp="20230824 12:20:31.004" level="INFO">${response} = &lt;Response [201]&gt;</msg>
<status status="PASS" starttime="20230824 12:20:30.856" endtime="20230824 12:20:31.004"/>
</kw>
<kw name="Set Variable" library="BuiltIn">
<var>${url}</var>
<arg>${BASE_URL}orders/track</arg>
<doc>Returns the given values which can then be assigned to a variables.</doc>
<msg timestamp="20230824 12:20:31.004" level="INFO">${url} = http://qa-scooter.praktikum-services.ru/api/v1/orders/track</msg>
<status status="PASS" starttime="20230824 12:20:31.004" endtime="20230824 12:20:31.004"/>
</kw>
<kw name="Create Dictionary" library="BuiltIn">
<var>${params}</var>
<arg>t=${response.json()['track']}</arg>
<doc>Creates and returns a dictionary based on the given ``items``.</doc>
<msg timestamp="20230824 12:20:31.020" level="INFO">${params} = {'t': 92338}</msg>
<status status="PASS" starttime="20230824 12:20:31.004" endtime="20230824 12:20:31.020"/>
</kw>
<kw name="GET" library="RequestsLibrary">
<var>${response_id}</var>
<arg>${url}</arg>
<arg>params=${params}</arg>
<doc>Sends a GET request.</doc>
<msg timestamp="20230824 12:20:31.223" level="INFO">GET Request : url=http://qa-scooter.praktikum-services.ru/api/v1/orders/track?t=92338 
 path_url=/api/v1/orders/track?t=92338 
 headers={'User-Agent': 'python-requests/2.31.0', 'Accept-Encoding': 'gzip, deflate', 'Accept': '*/*', 'Connection': 'keep-alive'} 
 body=None 
 </msg>
<msg timestamp="20230824 12:20:31.223" level="INFO">GET Response : url=http://qa-scooter.praktikum-services.ru/api/v1/orders/track?t=92338 
 status=200, reason=OK 
 headers={'Access-Control-Allow-Origin': '*', 'Content-Length': '407', 'Content-Type': 'application/json; charset=utf-8', 'Date': 'Thu, 24 Aug 2023 09:20:31 GMT', 'ETag': 'W/"197-gJctdc0vzq8ZJY+FyMHRP24eWyM"', 'Set-Cookie': '_yasc=ORYC5G3tynM+4XGEA/UQn7QLdTBf2eVxUShM0Foepxed80ie0qFReEJ5p5k=; domain=.praktikum-services.ru; path=/; expires=Sun, 21 Aug 2033 09:20:31 GMT; secure', 'X-Powered-By': 'Express', 'X-Request-Id': '1692868831164501-12646567268796362763'} 
 body={"order":{"id":196380,"firstName":"Anton","lastName":"Uchiha","address":"Konoha, 142 apt.","metroStation":"4","phone":"+7 800 355 35 35","rentTime":5,"deliveryDate":"2020-06-06T00:00:00.000Z","track":92338,"color":["BLACK"],"comment":"Saske, come back to Konoha","cancelled":false,"finished":false,"inDelivery":false,"createdAt":"2023-08-24T09:20:30.977Z","updatedAt":"2023-08-24T09:20:30.977Z","status":0}} 
 </msg>
<msg timestamp="20230824 12:20:31.223" level="INFO">${response_id} = &lt;Response [200]&gt;</msg>
<status status="PASS" starttime="20230824 12:20:31.020" endtime="20230824 12:20:31.223"/>
</kw>
<msg timestamp="20230824 12:20:31.223" level="INFO">${create_order_id} = 196380</msg>
<status status="PASS" starttime="20230824 12:20:30.841" endtime="20230824 12:20:31.223"/>
</kw>
<kw name="Set Variable" library="BuiltIn">
<var>${url}</var>
<arg>${BASE_URL}orders/accept/${create_order_id}</arg>
<doc>Returns the given values which can then be assigned to a variables.</doc>
<msg timestamp="20230824 12:20:31.223" level="INFO">${url} = http://qa-scooter.praktikum-services.ru/api/v1/orders/accept/196380</msg>
<status status="PASS" starttime="20230824 12:20:31.223" endtime="20230824 12:20:31.223"/>
</kw>
<kw name="Create Dictionary" library="BuiltIn">
<var>${params}</var>
<arg>courierId=${login_courier}</arg>
<doc>Creates and returns a dictionary based on the given ``items``.</doc>
<msg timestamp="20230824 12:20:31.223" level="INFO">${params} = {'courierId': 216066}</msg>
<status status="PASS" starttime="20230824 12:20:31.223" endtime="20230824 12:20:31.223"/>
</kw>
<kw name="PUT" library="RequestsLibrary">
<var>${response}</var>
<arg>${url}</arg>
<arg>params=${params}</arg>
<arg>expected_status=200</arg>
<doc>Sends a PUT request.</doc>
<msg timestamp="20230824 12:20:31.762" level="INFO">PUT Request : url=http://qa-scooter.praktikum-services.ru/api/v1/orders/accept/196380?courierId=216066 
 path_url=/api/v1/orders/accept/196380?courierId=216066 
 headers={'User-Agent': 'python-requests/2.31.0', 'Accept-Encoding': 'gzip, deflate', 'Accept': '*/*', 'Connection': 'keep-alive', 'Content-Length': '0'} 
 body=None 
 </msg>
<msg timestamp="20230824 12:20:31.762" level="INFO">PUT Response : url=http://qa-scooter.praktikum-services.ru/api/v1/orders/accept/196380?courierId=216066 
 status=200, reason=OK 
 headers={'Access-Control-Allow-Origin': '*', 'Content-Length': '11', 'Content-Type': 'application/json; charset=utf-8', 'Date': 'Thu, 24 Aug 2023 09:20:31 GMT', 'ETag': 'W/"b-Ai2R8hgEarLmHKwesT1qcY913ys"', 'Set-Cookie': '_yasc=9CTOXZ7WQlTkE76j6vajYMt1LQafJeeqX4F2RRhoKAgp9mQ30uFSpklhwxc=; domain=.praktikum-services.ru; path=/; expires=Sun, 21 Aug 2033 09:20:31 GMT; secure', 'X-Powered-By': 'Express', 'X-Request-Id': '1692868831398791-4321883516180718877'} 
 body={"ok":true} 
 </msg>
<msg timestamp="20230824 12:20:31.762" level="INFO">${response} = &lt;Response [200]&gt;</msg>
<status status="PASS" starttime="20230824 12:20:31.239" endtime="20230824 12:20:31.762"/>
</kw>
<kw name="Status Should Be" library="RequestsLibrary">
<arg>200</arg>
<arg>${response}</arg>
<doc>Fails if response status code is different than the expected.</doc>
<status status="PASS" starttime="20230824 12:20:31.762" endtime="20230824 12:20:31.762"/>
</kw>
<kw name="Should Be Equal As Strings" library="BuiltIn">
<arg>${response.json()}</arg>
<arg>{'ok': True}</arg>
<doc>Fails if objects are unequal after converting them to strings.</doc>
<msg timestamp="20230824 12:20:31.762" level="INFO">Argument types are:
&lt;class 'dict'&gt;
&lt;class 'str'&gt;</msg>
<status status="PASS" starttime="20230824 12:20:31.762" endtime="20230824 12:20:31.762"/>
</kw>
<kw name="Delete Courier" library="keywords">
<kw name="Create Dictionary" library="BuiltIn">
<var>${json_data}</var>
<arg>login=${BASE_LOGIN}</arg>
<arg>password=1234</arg>
<doc>Creates and returns a dictionary based on the given ``items``.</doc>
<msg timestamp="20230824 12:20:31.762" level="INFO">${json_data} = {'login': 'AntonMedvedkinQA', 'password': '1234'}</msg>
<status status="PASS" starttime="20230824 12:20:31.762" endtime="20230824 12:20:31.762"/>
</kw>
<kw name="POST" library="RequestsLibrary">
<var>${response}</var>
<arg>${BASE_URL}courier/login</arg>
<arg>data=${json_data}</arg>
<doc>Sends a POST request.</doc>
<msg timestamp="20230824 12:20:31.940" level="INFO">POST Request : url=http://qa-scooter.praktikum-services.ru/api/v1/courier/login 
 path_url=/api/v1/courier/login 
 headers={'User-Agent': 'python-requests/2.31.0', 'Accept-Encoding': 'gzip, deflate', 'Accept': '*/*', 'Connection': 'keep-alive', 'Content-Length': '36', 'Content-Type': 'application/x-www-form-urlencoded'} 
 body=login=AntonMedvedkinQA&amp;password=1234 
 </msg>
<msg timestamp="20230824 12:20:31.940" level="INFO">POST Response : url=http://qa-scooter.praktikum-services.ru/api/v1/courier/login 
 status=200, reason=OK 
 headers={'Access-Control-Allow-Origin': '*', 'Content-Length': '13', 'Content-Type': 'application/json; charset=utf-8', 'Date': 'Thu, 24 Aug 2023 09:20:31 GMT', 'ETag': 'W/"d-Oqk/4vIs7G4GYExNtaFubmFA914"', 'Set-Cookie': '_yasc=XzfV0isYFjc7taM05QEV5jCnrV4OWyjru8h4bADsNT2s8epk5Gge2uf0Yvp5; domain=.praktikum-services.ru; path=/; expires=Sun, 21 Aug 2033 09:20:31 GMT; secure', 'X-Powered-By': 'Express', 'X-Request-Id': '1692868831875640-1143678049752341600'} 
 body={"id":216066} 
 </msg>
<msg timestamp="20230824 12:20:31.940" level="INFO">${response} = &lt;Response [200]&gt;</msg>
<status status="PASS" starttime="20230824 12:20:31.762" endtime="20230824 12:20:31.940"/>
</kw>
<kw name="DELETE" library="RequestsLibrary">
<arg>${BASE_URL}courier/${response.json()['id']}</arg>
<doc>Sends a DELETE request.</doc>
<msg timestamp="20230824 12:20:32.204" level="INFO">DELETE Request : url=http://qa-scooter.praktikum-services.ru/api/v1/courier/216066 
 path_url=/api/v1/courier/216066 
 headers={'User-Agent': 'python-requests/2.31.0', 'Accept-Encoding': 'gzip, deflate', 'Accept': '*/*', 'Connection': 'keep-alive', 'Content-Length': '0'} 
 body=None 
 </msg>
<msg timestamp="20230824 12:20:32.204" level="INFO">DELETE Response : url=http://qa-scooter.praktikum-services.ru/api/v1/courier/216066 
 status=200, reason=OK 
 headers={'Access-Control-Allow-Origin': '*', 'Content-Length': '11', 'Content-Type': 'application/json; charset=utf-8', 'Date': 'Thu, 24 Aug 2023 09:20:32 GMT', 'ETag': 'W/"b-Ai2R8hgEarLmHKwesT1qcY913ys"', 'Set-Cookie': '_yasc=KCetEt0N77pgPn4iaSkrROzuuDhGuXv+b4usO2V5zeD0oVFzitofeyR5FFgQ; domain=.praktikum-services.ru; path=/; expires=Sun, 21 Aug 2033 09:20:32 GMT; secure', 'X-Powered-By': 'Express', 'X-Request-Id': '1692868832133587-3349469162396803162'} 
 body={"ok":true} 
 </msg>
<status status="PASS" starttime="20230824 12:20:31.940" endtime="20230824 12:20:32.204"/>
</kw>
<status status="PASS" starttime="20230824 12:20:31.762" endtime="20230824 12:20:32.204"/>
</kw>
<status status="PASS" starttime="20230824 12:20:30.517" endtime="20230824 12:20:32.204"/>
</test>
<test id="s1-s4-t2" name="Test With Non-Existent Parameters - Accepting an Order with Non-Existent Courier ID" line="18">
<kw name="Create Order ID" library="keywords">
<var>${create_order_id}</var>
<kw name="Create List" library="BuiltIn">
<var>${color_list}</var>
<arg>BLACK</arg>
<doc>Returns a list containing given items.</doc>
<msg timestamp="20230824 12:20:32.220" level="INFO">${color_list} = ['BLACK']</msg>
<status status="PASS" starttime="20230824 12:20:32.204" endtime="20230824 12:20:32.220"/>
</kw>
<kw name="Create Dictionary" library="BuiltIn">
<var>${json_data}</var>
<arg>firstName=Anton</arg>
<arg>lastName=Uchiha</arg>
<arg>address=Konoha, 142 apt.</arg>
<arg>metroStation=4</arg>
<arg>phone=+7 800 355 35 35</arg>
<arg>rentTime=5</arg>
<arg>deliveryDate=2020-06-06</arg>
<arg>comment=Saske, come back to Konoha</arg>
<arg>color=${color_list}</arg>
<doc>Creates and returns a dictionary based on the given ``items``.</doc>
<msg timestamp="20230824 12:20:32.220" level="INFO">${json_data} = {'firstName': 'Anton', 'lastName': 'Uchiha', 'address': 'Konoha, 142 apt.', 'metroStation': '4', 'phone': '+7 800 355 35 35', 'rentTime': '5', 'deliveryDate': '2020-06-06', 'comment': 'Saske, come bac...</msg>
<status status="PASS" starttime="20230824 12:20:32.220" endtime="20230824 12:20:32.220"/>
</kw>
<kw name="POST" library="RequestsLibrary">
<var>${response}</var>
<arg>${BASE_URL}orders</arg>
<arg>json=${json_data}</arg>
<doc>Sends a POST request.</doc>
<msg timestamp="20230824 12:20:32.631" level="INFO">POST Request : url=http://qa-scooter.praktikum-services.ru/api/v1/orders 
 path_url=/api/v1/orders 
 headers={'User-Agent': 'python-requests/2.31.0', 'Accept-Encoding': 'gzip, deflate', 'Accept': '*/*', 'Connection': 'keep-alive', 'Content-Length': '233', 'Content-Type': 'application/json'} 
 body=b'{"firstName": "Anton", "lastName": "Uchiha", "address": "Konoha, 142 apt.", "metroStation": "4", "phone": "+7 800 355 35 35", "rentTime": "5", "deliveryDate": "2020-06-06", "comment": "Saske, come back to Konoha", "color": ["BLACK"]}' 
 </msg>
<msg timestamp="20230824 12:20:32.631" level="INFO">POST Response : url=http://qa-scooter.praktikum-services.ru/api/v1/orders 
 status=201, reason=Created 
 headers={'Access-Control-Allow-Origin': '*', 'Content-Length': '16', 'Content-Type': 'application/json; charset=utf-8', 'Date': 'Thu, 24 Aug 2023 09:20:32 GMT', 'ETag': 'W/"10-0DXlY68HdNPI7Gznd0thROdELZY"', 'Set-Cookie': '_yasc=gbaURuKxxifK/ZOzk39sX+RJWad6xZr0hK9p4uoNfy8R0C4aNiG63w/COhwQ; domain=.praktikum-services.ru; path=/; expires=Sun, 21 Aug 2033 09:20:32 GMT; secure', 'X-Powered-By': 'Express', 'X-Request-Id': '1692868832446718-13067766849171026482'} 
 body={"track":274836} 
 </msg>
<msg timestamp="20230824 12:20:32.631" level="INFO">${response} = &lt;Response [201]&gt;</msg>
<status status="PASS" starttime="20230824 12:20:32.220" endtime="20230824 12:20:32.631"/>
</kw>
<kw name="Set Variable" library="BuiltIn">
<var>${url}</var>
<arg>${BASE_URL}orders/track</arg>
<doc>Returns the given values which can then be assigned to a variables.</doc>
<msg timestamp="20230824 12:20:32.631" level="INFO">${url} = http://qa-scooter.praktikum-services.ru/api/v1/orders/track</msg>
<status status="PASS" starttime="20230824 12:20:32.631" endtime="20230824 12:20:32.631"/>
</kw>
<kw name="Create Dictionary" library="BuiltIn">
<var>${params}</var>
<arg>t=${response.json()['track']}</arg>
<doc>Creates and returns a dictionary based on the given ``items``.</doc>
<msg timestamp="20230824 12:20:32.631" level="INFO">${params} = {'t': 274836}</msg>
<status status="PASS" starttime="20230824 12:20:32.631" endtime="20230824 12:20:32.631"/>
</kw>
<kw name="GET" library="RequestsLibrary">
<var>${response_id}</var>
<arg>${url}</arg>
<arg>params=${params}</arg>
<doc>Sends a GET request.</doc>
<msg timestamp="20230824 12:20:32.779" level="INFO">GET Request : url=http://qa-scooter.praktikum-services.ru/api/v1/orders/track?t=274836 
 path_url=/api/v1/orders/track?t=274836 
 headers={'User-Agent': 'python-requests/2.31.0', 'Accept-Encoding': 'gzip, deflate', 'Accept': '*/*', 'Connection': 'keep-alive'} 
 body=None 
 </msg>
<msg timestamp="20230824 12:20:32.779" level="INFO">GET Response : url=http://qa-scooter.praktikum-services.ru/api/v1/orders/track?t=274836 
 status=200, reason=OK 
 headers={'Access-Control-Allow-Origin': '*', 'Content-Length': '408', 'Content-Type': 'application/json; charset=utf-8', 'Date': 'Thu, 24 Aug 2023 09:20:32 GMT', 'ETag': 'W/"198-TocUl+j+/lkwt9kRK/F4bKHrpR0"', 'Set-Cookie': '_yasc=uZZW8kaewXRRnGFX61l4uys2GSKR5PzkgqNCBy+Bbi4gXpANR5uAZiPdKigZ; domain=.praktikum-services.ru; path=/; expires=Sun, 21 Aug 2033 09:20:32 GMT; secure', 'X-Powered-By': 'Express', 'X-Request-Id': '1692868832719300-16688331137916265005'} 
 body={"order":{"id":196382,"firstName":"Anton","lastName":"Uchiha","address":"Konoha, 142 apt.","metroStation":"4","phone":"+7 800 355 35 35","rentTime":5,"deliveryDate":"2020-06-06T00:00:00.000Z","track":274836,"color":["BLACK"],"comment":"Saske, come back to Konoha","cancelled":false,"finished":false,"inDelivery":false,"createdAt":"2023-08-24T09:20:32.472Z","updatedAt":"2023-08-24T09:20:32.472Z","status":0}} 
 </msg>
<msg timestamp="20230824 12:20:32.779" level="INFO">${response_id} = &lt;Response [200]&gt;</msg>
<status status="PASS" starttime="20230824 12:20:32.631" endtime="20230824 12:20:32.779"/>
</kw>
<msg timestamp="20230824 12:20:32.779" level="INFO">${create_order_id} = 196382</msg>
<status status="PASS" starttime="20230824 12:20:32.204" endtime="20230824 12:20:32.779"/>
</kw>
<kw name="Set Variable" library="BuiltIn">
<var>${url}</var>
<arg>${BASE_URL}orders/accept/${create_order_id}</arg>
<doc>Returns the given values which can then be assigned to a variables.</doc>
<msg timestamp="20230824 12:20:32.779" level="INFO">${url} = http://qa-scooter.praktikum-services.ru/api/v1/orders/accept/196382</msg>
<status status="PASS" starttime="20230824 12:20:32.779" endtime="20230824 12:20:32.779"/>
</kw>
<kw name="Create Dictionary" library="BuiltIn">
<var>${params}</var>
<arg>courierId=200020</arg>
<doc>Creates and returns a dictionary based on the given ``items``.</doc>
<msg timestamp="20230824 12:20:32.779" level="INFO">${params} = {'courierId': '200020'}</msg>
<status status="PASS" starttime="20230824 12:20:32.779" endtime="20230824 12:20:32.779"/>
</kw>
<kw name="PUT" library="RequestsLibrary">
<var>${response}</var>
<arg>${url}</arg>
<arg>params=${params}</arg>
<arg>expected_status=404</arg>
<doc>Sends a PUT request.</doc>
<msg timestamp="20230824 12:20:33.014" level="INFO">PUT Request : url=http://qa-scooter.praktikum-services.ru/api/v1/orders/accept/196382?courierId=200020 
 path_url=/api/v1/orders/accept/196382?courierId=200020 
 headers={'User-Agent': 'python-requests/2.31.0', 'Accept-Encoding': 'gzip, deflate', 'Accept': '*/*', 'Connection': 'keep-alive', 'Content-Length': '0'} 
 body=None 
 </msg>
<msg timestamp="20230824 12:20:33.014" level="INFO">PUT Response : url=http://qa-scooter.praktikum-services.ru/api/v1/orders/accept/196382?courierId=200020 
 status=404, reason=Not Found 
 headers={'Access-Control-Allow-Origin': '*', 'Content-Length': '82', 'Content-Type': 'application/json; charset=utf-8', 'Date': 'Thu, 24 Aug 2023 09:20:32 GMT', 'ETag': 'W/"52-OhGAgjn8VsWNITAv4m6VEnHUjBQ"', 'Set-Cookie': '_yasc=QBNDjj1MuwX3NXFW8V3DJxU2R9Fdkade4zWRh2eWye70JPeSkzzxJL0pXII=; domain=.praktikum-services.ru; path=/; expires=Sun, 21 Aug 2033 09:20:32 GMT; secure', 'X-Powered-By': 'Express', 'X-Request-Id': '1692868832899670-2796009942537457597'} 
 body={"code":404,"message":"Курьера с таким id не существует"} 
 </msg>
<msg timestamp="20230824 12:20:33.014" level="INFO">${response} = &lt;Response [404]&gt;</msg>
<status status="PASS" starttime="20230824 12:20:32.779" endtime="20230824 12:20:33.014"/>
</kw>
<kw name="Status Should Be" library="RequestsLibrary">
<arg>404</arg>
<arg>${response}</arg>
<doc>Fails if response status code is different than the expected.</doc>
<status status="PASS" starttime="20230824 12:20:33.014" endtime="20230824 12:20:33.014"/>
</kw>
<kw name="Should Be Equal As Strings" library="BuiltIn">
<arg>${response.json()}</arg>
<arg>{'code': 404, 'message': 'Курьера с таким id не существует'}</arg>
<doc>Fails if objects are unequal after converting them to strings.</doc>
<msg timestamp="20230824 12:20:33.014" level="INFO">Argument types are:
&lt;class 'dict'&gt;
&lt;class 'str'&gt;</msg>
<status status="PASS" starttime="20230824 12:20:33.014" endtime="20230824 12:20:33.014"/>
</kw>
<status status="PASS" starttime="20230824 12:20:32.204" endtime="20230824 12:20:33.014"/>
</test>
<test id="s1-s4-t3" name="Test With Non-Existent Parameters - Accepting an Order with Non-Existent Order ID" line="26">
<kw name="Login Courier" library="keywords">
<var>${login_courier}</var>
<kw name="Create Dictionary" library="BuiltIn">
<var>${json_data}</var>
<arg>login=${BASE_LOGIN}</arg>
<arg>password=1234</arg>
<arg>firstName=vasia</arg>
<doc>Creates and returns a dictionary based on the given ``items``.</doc>
<msg timestamp="20230824 12:20:33.029" level="INFO">${json_data} = {'login': 'AntonMedvedkinQA', 'password': '1234', 'firstName': 'vasia'}</msg>
<status status="PASS" starttime="20230824 12:20:33.029" endtime="20230824 12:20:33.029"/>
</kw>
<kw name="POST" library="RequestsLibrary">
<arg>${BASE_URL}courier</arg>
<arg>data=${json_data}</arg>
<doc>Sends a POST request.</doc>
<msg timestamp="20230824 12:20:33.170" level="INFO">POST Request : url=http://qa-scooter.praktikum-services.ru/api/v1/courier 
 path_url=/api/v1/courier 
 headers={'User-Agent': 'python-requests/2.31.0', 'Accept-Encoding': 'gzip, deflate', 'Accept': '*/*', 'Connection': 'keep-alive', 'Content-Length': '52', 'Content-Type': 'application/x-www-form-urlencoded'} 
 body=login=AntonMedvedkinQA&amp;password=1234&amp;firstName=vasia 
 </msg>
<msg timestamp="20230824 12:20:33.170" level="INFO">POST Response : url=http://qa-scooter.praktikum-services.ru/api/v1/courier 
 status=201, reason=Created 
 headers={'Access-Control-Allow-Origin': '*', 'Content-Length': '11', 'Content-Type': 'application/json; charset=utf-8', 'Date': 'Thu, 24 Aug 2023 09:20:33 GMT', 'ETag': 'W/"b-Ai2R8hgEarLmHKwesT1qcY913ys"', 'Set-Cookie': '_yasc=891cfKq7xW+SgTA1OgSqMgdEJ8aiMoYn6Y+OQibfRhSmwtfsdHdVVerjnMw=; domain=.praktikum-services.ru; path=/; expires=Sun, 21 Aug 2033 09:20:33 GMT; secure', 'X-Powered-By': 'Express', 'X-Request-Id': '1692868833127135-10977281262929955491'} 
 body={"ok":true} 
 </msg>
<status status="PASS" starttime="20230824 12:20:33.029" endtime="20230824 12:20:33.170"/>
</kw>
<kw name="Create Dictionary" library="BuiltIn">
<var>${json_data}</var>
<arg>login=${BASE_LOGIN}</arg>
<arg>password=1234</arg>
<doc>Creates and returns a dictionary based on the given ``items``.</doc>
<msg timestamp="20230824 12:20:33.170" level="INFO">${json_data} = {'login': 'AntonMedvedkinQA', 'password': '1234'}</msg>
<status status="PASS" starttime="20230824 12:20:33.170" endtime="20230824 12:20:33.170"/>
</kw>
<kw name="POST" library="RequestsLibrary">
<var>${response}</var>
<arg>${BASE_URL}courier/login</arg>
<arg>data=${json_data}</arg>
<doc>Sends a POST request.</doc>
<msg timestamp="20230824 12:20:33.319" level="INFO">POST Request : url=http://qa-scooter.praktikum-services.ru/api/v1/courier/login 
 path_url=/api/v1/courier/login 
 headers={'User-Agent': 'python-requests/2.31.0', 'Accept-Encoding': 'gzip, deflate', 'Accept': '*/*', 'Connection': 'keep-alive', 'Content-Length': '36', 'Content-Type': 'application/x-www-form-urlencoded'} 
 body=login=AntonMedvedkinQA&amp;password=1234 
 </msg>
<msg timestamp="20230824 12:20:33.319" level="INFO">POST Response : url=http://qa-scooter.praktikum-services.ru/api/v1/courier/login 
 status=200, reason=OK 
 headers={'Access-Control-Allow-Origin': '*', 'Content-Length': '13', 'Content-Type': 'application/json; charset=utf-8', 'Date': 'Thu, 24 Aug 2023 09:20:33 GMT', 'ETag': 'W/"d-rUje86LhwYlIH2RAXRufwMXsSLI"', 'Set-Cookie': '_yasc=rQQeUfHMLK5b0ohLkr57i/g+4syaNOqAvvfEDTZ6BFKACeaXQMg01DuODZ2h; domain=.praktikum-services.ru; path=/; expires=Sun, 21 Aug 2033 09:20:33 GMT; secure', 'X-Powered-By': 'Express', 'X-Request-Id': '1692868833292706-14930466072501642857'} 
 body={"id":216067} 
 </msg>
<msg timestamp="20230824 12:20:33.319" level="INFO">${response} = &lt;Response [200]&gt;</msg>
<status status="PASS" starttime="20230824 12:20:33.170" endtime="20230824 12:20:33.319"/>
</kw>
<kw name="Set Variable" library="BuiltIn">
<var>${data}</var>
<arg>${response.json()}</arg>
<doc>Returns the given values which can then be assigned to a variables.</doc>
<msg timestamp="20230824 12:20:33.319" level="INFO">${data} = {'id': 216067}</msg>
<status status="PASS" starttime="20230824 12:20:33.319" endtime="20230824 12:20:33.319"/>
</kw>
<kw name="Set Variable" library="BuiltIn">
<var>${id}</var>
<arg>${data['id']}</arg>
<doc>Returns the given values which can then be assigned to a variables.</doc>
<msg timestamp="20230824 12:20:33.334" level="INFO">${id} = 216067</msg>
<status status="PASS" starttime="20230824 12:20:33.319" endtime="20230824 12:20:33.334"/>
</kw>
<msg timestamp="20230824 12:20:33.334" level="INFO">${login_courier} = 216067</msg>
<status status="PASS" starttime="20230824 12:20:33.029" endtime="20230824 12:20:33.334"/>
</kw>
<kw name="Set Variable" library="BuiltIn">
<var>${url}</var>
<arg>${BASE_URL}orders/accept/454684</arg>
<doc>Returns the given values which can then be assigned to a variables.</doc>
<msg timestamp="20230824 12:20:33.334" level="INFO">${url} = http://qa-scooter.praktikum-services.ru/api/v1/orders/accept/454684</msg>
<status status="PASS" starttime="20230824 12:20:33.334" endtime="20230824 12:20:33.334"/>
</kw>
<kw name="Create Dictionary" library="BuiltIn">
<var>${params}</var>
<arg>courierId=${login_courier}</arg>
<doc>Creates and returns a dictionary based on the given ``items``.</doc>
<msg timestamp="20230824 12:20:33.334" level="INFO">${params} = {'courierId': 216067}</msg>
<status status="PASS" starttime="20230824 12:20:33.334" endtime="20230824 12:20:33.334"/>
</kw>
<kw name="PUT" library="RequestsLibrary">
<var>${response}</var>
<arg>${url}</arg>
<arg>params=${params}</arg>
<arg>expected_status=404</arg>
<doc>Sends a PUT request.</doc>
<msg timestamp="20230824 12:20:33.490" level="INFO">PUT Request : url=http://qa-scooter.praktikum-services.ru/api/v1/orders/accept/454684?courierId=216067 
 path_url=/api/v1/orders/accept/454684?courierId=216067 
 headers={'User-Agent': 'python-requests/2.31.0', 'Accept-Encoding': 'gzip, deflate', 'Accept': '*/*', 'Connection': 'keep-alive', 'Content-Length': '0'} 
 body=None 
 </msg>
<msg timestamp="20230824 12:20:33.490" level="INFO">PUT Response : url=http://qa-scooter.praktikum-services.ru/api/v1/orders/accept/454684?courierId=216067 
 status=404, reason=Not Found 
 headers={'Access-Control-Allow-Origin': '*', 'Content-Length': '80', 'Content-Type': 'application/json; charset=utf-8', 'Date': 'Thu, 24 Aug 2023 09:20:33 GMT', 'ETag': 'W/"50-DjxVVxHrkH2M/uOtbYwsTzqBgl0"', 'Set-Cookie': '_yasc=d4v/HJegNa+mZXeBeVNGG6l51vVCb2caK0rpGnn3ZnpZ1wz3ni/xJUw5adjp; domain=.praktikum-services.ru; path=/; expires=Sun, 21 Aug 2033 09:20:33 GMT; secure', 'X-Powered-By': 'Express', 'X-Request-Id': '1692868833443981-103270387386007256'} 
 body={"code":404,"message":"Заказа с таким id не существует"} 
 </msg>
<msg timestamp="20230824 12:20:33.490" level="INFO">${response} = &lt;Response [404]&gt;</msg>
<status status="PASS" starttime="20230824 12:20:33.334" endtime="20230824 12:20:33.490"/>
</kw>
<kw name="Status Should Be" library="RequestsLibrary">
<arg>404</arg>
<arg>${response}</arg>
<doc>Fails if response status code is different than the expected.</doc>
<status status="PASS" starttime="20230824 12:20:33.506" endtime="20230824 12:20:33.506"/>
</kw>
<kw name="Should Be Equal As Strings" library="BuiltIn">
<arg>${response.json()}</arg>
<arg>{'code': 404, 'message': 'Заказа с таким id не существует'}</arg>
<doc>Fails if objects are unequal after converting them to strings.</doc>
<msg timestamp="20230824 12:20:33.506" level="INFO">Argument types are:
&lt;class 'dict'&gt;
&lt;class 'str'&gt;</msg>
<status status="PASS" starttime="20230824 12:20:33.506" endtime="20230824 12:20:33.506"/>
</kw>
<kw name="Delete Courier" library="keywords">
<kw name="Create Dictionary" library="BuiltIn">
<var>${json_data}</var>
<arg>login=${BASE_LOGIN}</arg>
<arg>password=1234</arg>
<doc>Creates and returns a dictionary based on the given ``items``.</doc>
<msg timestamp="20230824 12:20:33.506" level="INFO">${json_data} = {'login': 'AntonMedvedkinQA', 'password': '1234'}</msg>
<status status="PASS" starttime="20230824 12:20:33.506" endtime="20230824 12:20:33.506"/>
</kw>
<kw name="POST" library="RequestsLibrary">
<var>${response}</var>
<arg>${BASE_URL}courier/login</arg>
<arg>data=${json_data}</arg>
<doc>Sends a POST request.</doc>
<msg timestamp="20230824 12:20:33.631" level="INFO">POST Request : url=http://qa-scooter.praktikum-services.ru/api/v1/courier/login 
 path_url=/api/v1/courier/login 
[...]
,"track":776152,"color":["GREY"],"comment":"Было бы удобно в 13:00","createdAt":"2021-10-01T09:49:13.236Z","updatedAt":"2021-10-01T09:49:13.236Z","status":0},{"id":356,"courierId":null,"firstName":"Наталья","lastName":"Губанова","address":"Москва, ул. Туристская, д.4к4","metroStation":"117","phone":"+79779816818","rentTime":4,"deliveryDate":"2021-12-22T21:00:00.000Z","track":117312,"color":["GREY"],"comment":"Было бы удобно в 13:00","createdAt":"2021-10-01T09:58:31.152Z","updatedAt":"2021-10-01T09:58:31.152Z","status":0},{"id":357,"courierId":null,"firstName":"Наталья","lastName":"Губанова","address":"Москва, ул. Туристская, д.4к4","metroStation":"117","phone":"+79779816818","rentTime":4,"deliveryDate":"2021-12-22T21:00:00.000Z","track":807584,"color":["GREY"],"comment":"Было бы удобно в 13:00","createdAt":"2021-10-01T09:59:38.453Z","updatedAt":"2021-10-01T09:59:38.453Z","status":0},{"id":358,"courierId":null,"firstName":"Наталья","lastName":"Губанова","address":"Москва, ул. Туристская, д.4к4","metroStation":"117","phone":"+79779816818","rentTime":4,"deliveryDate":"2021-12-22T21:00:00.000Z","track":597901,"color":["GREY"],"comment":"Было бы удобно в 13:00","createdAt":"2021-10-01T10:00:25.958Z","updatedAt":"2021-10-01T10:00:25.958Z","status":0},{"id":359,"courierId":null,"firstName":"Наталья","lastName":"Губанова","address":"Москва, ул. Туристская, д.4к4","metroStation":"117","phone":"+79779816818","rentTime":4,"deliveryDate":"2021-12-22T21:00:00.000Z","track":298256,"color":["GREY"],"comment":"Было бы удобно в 13:00","createdAt":"2021-10-01T10:28:40.384Z","updatedAt":"2021-10-01T10:28:40.384Z","status":0},{"id":360,"courierId":null,"firstName":"Наталья","lastName":"Губанова","address":"Москва, ул. Туристская, д.4к4","metroStation":"117","phone":"+79779816818","rentTime":4,"deliveryDate":"2021-12-22T21:00:00.000Z","track":994317,"color":["GREY"],"comment":"Было бы удобно в 13:00","createdAt":"2021-10-01T10:29:55.744Z","updatedAt":"2021-10-01T10:29:55.744Z","status":0},{"id":363,"courierId":null,"firstName":"Наталья","lastName":"Губанова","address":"Москва, ул. Туристская, д.4к4","metroStation":"117","phone":"+79779816818","rentTime":4,"deliveryDate":"2021-12-22T21:00:00.000Z","track":559048,"color":["GREY"],"comment":"Было бы удобно в 13:00","createdAt":"2021-10-01T10:37:11.071Z","updatedAt":"2021-10-01T10:37:11.071Z","status":0},{"id":109707,"courierId":null,"firstName":"Бред","lastName":"Питт","address":"Москва","metroStation":"2","phone":"79099909090","rentTime":2,"deliveryDate":"2022-11-29T21:00:00.000Z","track":558210,"color":["BLACK"],"comment":"Позвоните за 30 минут до доставки","createdAt":"2022-11-14T18:24:07.820Z","updatedAt":"2022-11-14T18:24:07.820Z","status":0},{"id":109708,"courierId":null,"firstName":"Анжелина","lastName":"Джоли","address":"Москва","metroStation":"3","phone":"79099901111","rentTime":2,"deliveryDate":"2022-11-29T21:00:00.000Z","track":759956,"color":["BLACK"],"comment":"Позвоните за 30 минут до доставки","createdAt":"2022-11-14T18:24:11.848Z","updatedAt":"2022-11-14T18:24:11.848Z","status":0},{"id":315,"courierId":null,"firstName":"Марчи","lastName":"Пух","address":"Чистопольская 23","metroStation":"12","phone":"+71234567890","rentTime":3,"deliveryDate":"2023-01-15T21:00:00.000Z","track":794144,"color":["BLACK"],"comment":"privet","createdAt":"2021-10-01T06:54:32.352Z","updatedAt":"2021-10-01T06:54:32.352Z","status":0},{"id":316,"courierId":null,"firstName":"Марчи","lastName":"Пух","address":"Чистопольская 23","metroStation":"12","phone":"+71234567890","rentTime":3,"deliveryDate":"2023-01-15T21:00:00.000Z","track":47968,"color":["BLACK"],"comment":"privet","createdAt":"2021-10-01T06:55:50.018Z","updatedAt":"2021-10-01T06:55:50.018Z","status":0},{"id":138067,"courierId":null,"firstName":"Ars","lastName":"Che","address":"SPb","metroStation":"10","phone":"88009002030","rentTime":4,"deliveryDate":"2023-02-02T00:00:00.000Z","track":73672,"color":[],"comment":"Hello!","createdAt":"2023-02-16T23:23:51.321Z","updatedAt":"2023-02-16T23:23:51.321Z","status":0},{"id":137887,"courierId":null,"firstName":"pqHBaYHS","lastName":"TseXGUdO","address":"fJMRFXYG","metroStation":"bGRQVLhY","phone":"AmLfEIXu","rentTime":97176,"deliveryDate":"2023-03-16T18:33:24.303Z","track":116934,"color":["BLACK"],"comment":"kfWbdCHM","createdAt":"2023-02-16T18:33:24.446Z","updatedAt":"2023-02-16T18:33:24.446Z","status":0},{"id":137889,"courierId":null,"firstName":"jOFNBWvR","lastName":"fOwqLRwv","address":"sVFqnnnF","metroStation":"xoOVdLxG","phone":"viCGfItc","rentTime":2710,"deliveryDate":"2023-03-16T18:33:24.571Z","track":238523,"color":["BLACK","GREY"],"comment":"bmZAmXms","createdAt":"2023-02-16T18:33:24.714Z","updatedAt":"2023-02-16T18:33:24.714Z","status":0},{"id":151399,"courierId":null,"firstName":null,"lastName":null,"address":null,"metroStation":null,"phone":null,"rentTime":5,"deliveryDate":"2023-03-18T00:00:00.000Z","track":113507,"color":[],"comment":"txEoBmd","createdAt":"2023-03-19T19:24:06.197Z","updatedAt":"2023-03-19T19:24:06.197Z","status":0},{"id":181186,"courierId":null,"firstName":"апрр","lastName":"ррпррп","address":"ррооо","metroStation":"2","phone":"89123904416","rentTime":1,"deliveryDate":"2023-06-29T19:00:00.000Z","track":900538,"color":[],"comment":"","createdAt":"2023-06-30T06:04:12.690Z","updatedAt":"2023-06-30T06:04:12.690Z","status":0}],"pageInfo":{"page":0,"total":164294,"limit":30},"availableStations":[{"name":"Бульвар Ро... (set the log level to DEBUG or TRACE to see the full content) 
 </msg>
<msg timestamp="20230824 12:20:49.700" level="INFO">${response} = &lt;Response [200]&gt;</msg>
<status status="PASS" starttime="20230824 12:20:36.217" endtime="20230824 12:20:49.700"/>
</kw>
<kw name="Set Variable" library="BuiltIn">
<var>${order_data}</var>
<arg>${response.json()}</arg>
<doc>Returns the given values which can then be assigned to a variables.</doc>
<msg timestamp="20230824 12:20:49.722" level="INFO">${order_data} = {'orders': [{'id': 182538, 'courierId': None, 'firstName': None, 'lastName': None, 'address': None, 'metroStation': None, 'phone': None, 'rentTime': 0, 'deliveryDate': None, 'track': 108457, 'color': ...</msg>
<status status="PASS" starttime="20230824 12:20:49.715" endtime="20230824 12:20:49.722"/>
</kw>
<kw name="Status Should Be" library="RequestsLibrary">
<arg>200</arg>
<arg>${response}</arg>
<doc>Fails if response status code is different than the expected.</doc>
<status status="PASS" starttime="20230824 12:20:49.722" endtime="20230824 12:20:49.722"/>
</kw>
<kw name="List Should Contain Value" library="Collections">
<arg>${order_data}</arg>
<arg>orders</arg>
<doc>Fails if the ``value`` is not found from ``list``.</doc>
<status status="PASS" starttime="20230824 12:20:49.722" endtime="20230824 12:20:49.722"/>
</kw>
<status status="PASS" starttime="20230824 12:20:36.217" endtime="20230824 12:20:49.722"/>
</test>
<status status="PASS" starttime="20230824 12:20:36.185" endtime="20230824 12:20:49.722"/>
</suite>
<suite id="s1-s7" name="test OrderReceipt" source="C:\Users\1\Desktop\INTEXSOFT\yandex_test_robot\tests\test_OrderReceipt.robot">
<test id="s1-s7-t1" name="Test Successful Receipt of Order" line="9">
<kw name="Create Order" library="keywords">
<var>${create_order}</var>
<kw name="Create List" library="BuiltIn">
<var>${color_list}</var>
<arg>BLACK</arg>
<doc>Returns a list containing given items.</doc>
<msg timestamp="20230824 12:20:49.785" level="INFO">${color_list} = ['BLACK']</msg>
<status status="PASS" starttime="20230824 12:20:49.785" endtime="20230824 12:20:49.785"/>
</kw>
<kw name="Create Dictionary" library="BuiltIn">
<var>${json_data}</var>
<arg>firstName=Anton</arg>
<arg>lastName=Uchiha</arg>
<arg>address=Konoha, 142 apt.</arg>
<arg>metroStation=4</arg>
<arg>phone=+7 800 355 35 35</arg>
<arg>rentTime=5</arg>
<arg>deliveryDate=2020-06-06</arg>
<arg>comment=Saske, come back to Konoha</arg>
<arg>color=${color_list}</arg>
<doc>Creates and returns a dictionary based on the given ``items``.</doc>
<msg timestamp="20230824 12:20:49.785" level="INFO">${json_data} = {'firstName': 'Anton', 'lastName': 'Uchiha', 'address': 'Konoha, 142 apt.', 'metroStation': '4', 'phone': '+7 800 355 35 35', 'rentTime': '5', 'deliveryDate': '2020-06-06', 'comment': 'Saske, come bac...</msg>
<status status="PASS" starttime="20230824 12:20:49.785" endtime="20230824 12:20:49.785"/>
</kw>
<kw name="POST" library="RequestsLibrary">
<var>${response}</var>
<arg>${BASE_URL}orders</arg>
<arg>json=${json_data}</arg>
<doc>Sends a POST request.</doc>
<msg timestamp="20230824 12:20:49.961" level="INFO">POST Request : url=http://qa-scooter.praktikum-services.ru/api/v1/orders 
 path_url=/api/v1/orders 
 headers={'User-Agent': 'python-requests/2.31.0', 'Accept-Encoding': 'gzip, deflate', 'Accept': '*/*', 'Connection': 'keep-alive', 'Content-Length': '233', 'Content-Type': 'application/json'} 
 body=b'{"firstName": "Anton", "lastName": "Uchiha", "address": "Konoha, 142 apt.", "metroStation": "4", "phone": "+7 800 355 35 35", "rentTime": "5", "deliveryDate": "2020-06-06", "comment": "Saske, come back to Konoha", "color": ["BLACK"]}' 
 </msg>
<msg timestamp="20230824 12:20:49.961" level="INFO">POST Response : url=http://qa-scooter.praktikum-services.ru/api/v1/orders 
 status=201, reason=Created 
 headers={'Access-Control-Allow-Origin': '*', 'Content-Length': '15', 'Content-Type': 'application/json; charset=utf-8', 'Date': 'Thu, 24 Aug 2023 09:20:49 GMT', 'ETag': 'W/"f-46cA7sXV6HLXNzzX4Bdane0uwCA"', 'Set-Cookie': '_yasc=6NbJXx/lHKyzH4GSI+88xA04Iez6o6oRmHg0uGPcYICb4P+f6JXCxy+zq6yc; domain=.praktikum-services.ru; path=/; expires=Sun, 21 Aug 2033 09:20:49 GMT; secure', 'X-Powered-By': 'Express', 'X-Request-Id': '1692868849880428-7637122569293079987'} 
 body={"track":74216} 
 </msg>
<msg timestamp="20230824 12:20:49.961" level="INFO">${response} = &lt;Response [201]&gt;</msg>
<status status="PASS" starttime="20230824 12:20:49.785" endtime="20230824 12:20:49.961"/>
</kw>
<kw name="Set Variable" library="BuiltIn">
<var>${track}</var>
<arg>${response.json()['track']}</arg>
<doc>Returns the given values which can then be assigned to a variables.</doc>
<msg timestamp="20230824 12:20:49.961" level="INFO">${track} = 74216</msg>
<status status="PASS" starttime="20230824 12:20:49.961" endtime="20230824 12:20:49.961"/>
</kw>
<msg timestamp="20230824 12:20:49.961" level="INFO">${create_order} = 74216</msg>
<status status="PASS" starttime="20230824 12:20:49.785" endtime="20230824 12:20:49.961"/>
</kw>
<kw name="Set Variable" library="BuiltIn">
<var>${url}</var>
<arg>${BASE_URL}orders/track</arg>
<doc>Returns the given values which can then be assigned to a variables.</doc>
<msg timestamp="20230824 12:20:49.976" level="INFO">${url} = http://qa-scooter.praktikum-services.ru/api/v1/orders/track</msg>
<status status="PASS" starttime="20230824 12:20:49.976" endtime="20230824 12:20:49.976"/>
</kw>
<kw name="Create Dictionary" library="BuiltIn">
<var>${params}</var>
<arg>t=${create_order}</arg>
<doc>Creates and returns a dictionary based on the given ``items``.</doc>
<msg timestamp="20230824 12:20:49.976" level="INFO">${params} = {'t': 74216}</msg>
<status status="PASS" starttime="20230824 12:20:49.976" endtime="20230824 12:20:49.976"/>
</kw>
<kw name="GET" library="RequestsLibrary">
<var>${response}</var>
<arg>${url}</arg>
<arg>params=${params}</arg>
<arg>expected_status=200</arg>
<doc>Sends a GET request.</doc>
<msg timestamp="20230824 12:20:50.148" level="INFO">GET Request : url=http://qa-scooter.praktikum-services.ru/api/v1/orders/track?t=74216 
 path_url=/api/v1/orders/track?t=74216 
 headers={'User-Agent': 'python-requests/2.31.0', 'Accept-Encoding': 'gzip, deflate', 'Accept': '*/*', 'Connection': 'keep-alive'} 
 body=None 
 </msg>
<msg timestamp="20230824 12:20:50.148" level="INFO">GET Response : url=http://qa-scooter.praktikum-services.ru/api/v1/orders/track?t=74216 
 status=200, reason=OK 
 headers={'Access-Control-Allow-Origin': '*', 'Content-Length': '407', 'Content-Type': 'application/json; charset=utf-8', 'Date': 'Thu, 24 Aug 2023 09:20:50 GMT', 'ETag': 'W/"197-oeZt7isb82gC7rSHTAdWliNZKfo"', 'Set-Cookie': '_yasc=jdsaBQvgSoJN3BghqoHRNHYI3GmZpQhk7uSbKwuzfmeK24FlyZL4SBNytm0=; domain=.praktikum-services.ru; path=/; expires=Sun, 21 Aug 2033 09:20:50 GMT; secure', 'X-Powered-By': 'Express', 'X-Request-Id': '1692868850091529-10851098135151048935'} 
 body={"order":{"id":196388,"firstName":"Anton","lastName":"Uchiha","address":"Konoha, 142 apt.","metroStation":"4","phone":"+7 800 355 35 35","rentTime":5,"deliveryDate":"2020-06-06T00:00:00.000Z","track":74216,"color":["BLACK"],"comment":"Saske, come back to Konoha","cancelled":false,"finished":false,"inDelivery":false,"createdAt":"2023-08-24T09:20:49.899Z","updatedAt":"2023-08-24T09:20:49.899Z","status":0}} 
 </msg>
<msg timestamp="20230824 12:20:50.164" level="INFO">${response} = &lt;Response [200]&gt;</msg>
<status status="PASS" starttime="20230824 12:20:49.976" endtime="20230824 12:20:50.164"/>
</kw>
<kw name="Status Should Be" library="RequestsLibrary">
<arg>200</arg>
<arg>${response}</arg>
<doc>Fails if response status code is different than the expected.</doc>
<status status="PASS" starttime="20230824 12:20:50.164" endtime="20230824 12:20:50.164"/>
</kw>
<kw name="Should Contain" library="BuiltIn">
<arg>${response.json()}</arg>
<arg>order</arg>
<doc>Fails if ``container`` does not contain ``item`` one or more times.</doc>
<status status="PASS" starttime="20230824 12:20:50.164" endtime="20230824 12:20:50.164"/>
</kw>
<status status="PASS" starttime="20230824 12:20:49.785" endtime="20230824 12:20:50.164"/>
</test>
<test id="s1-s7-t2" name="Test Without an Order Number" line="17">
<kw name="GET" library="RequestsLibrary">
<var>${response}</var>
<arg>${BASE_URL}orders/track</arg>
<arg>expected_status=400</arg>
<doc>Sends a GET request.</doc>
<msg timestamp="20230824 12:20:50.293" level="INFO">GET Request : url=http://qa-scooter.praktikum-services.ru/api/v1/orders/track 
 path_url=/api/v1/orders/track 
 headers={'User-Agent': 'python-requests/2.31.0', 'Accept-Encoding': 'gzip, deflate', 'Accept': '*/*', 'Connection': 'keep-alive'} 
 body=None 
 </msg>
<msg timestamp="20230824 12:20:50.293" level="INFO">GET Response : url=http://qa-scooter.praktikum-services.ru/api/v1/orders/track 
 status=400, reason=Bad Request 
 headers={'Access-Control-Allow-Origin': '*', 'Content-Length': '82', 'Content-Type': 'application/json; charset=utf-8', 'Date': 'Thu, 24 Aug 2023 09:20:50 GMT', 'ETag': 'W/"52-NEb1sihdUImnV9vUyVCvOlniC48"', 'Set-Cookie': '_yasc=cpQ+/p45/8O0TlVcgq/tCak5ngy+r/Z8Wfd0ziPIT9Ti9Be4f3YwfTxqIUHj; domain=.praktikum-services.ru; path=/; expires=Sun, 21 Aug 2033 09:20:50 GMT; secure', 'X-Powered-By': 'Express', 'X-Request-Id': '1692868850259195-1614437716807603698'} 
 body={"code":400,"message":"Недостаточно данных для поиска"} 
 </msg>
<msg timestamp="20230824 12:20:50.293" level="INFO">${response} = &lt;Response [400]&gt;</msg>
<status status="PASS" starttime="20230824 12:20:50.164" endtime="20230824 12:20:50.293"/>
</kw>
<kw name="Status Should Be" library="RequestsLibrary">
<arg>400</arg>
<arg>${response}</arg>
<doc>Fails if response status code is different than the expected.</doc>
<status status="PASS" starttime="20230824 12:20:50.293" endtime="20230824 12:20:50.293"/>
</kw>
<kw name="Should Be Equal As Strings" library="BuiltIn">
<arg>${response.json()}</arg>
<arg>{'code': 400, 'message': 'Недостаточно данных для поиска'}</arg>
<doc>Fails if objects are unequal after converting them to strings.</doc>
<msg timestamp="20230824 12:20:50.293" level="INFO">Argument types are:
&lt;class 'dict'&gt;
&lt;class 'str'&gt;</msg>
<status status="PASS" starttime="20230824 12:20:50.293" endtime="20230824 12:20:50.293"/>
</kw>
<status status="PASS" starttime="20230824 12:20:50.164" endtime="20230824 12:20:50.309"/>
</test>
<test id="s1-s7-t3" name="Test Non-Existent Order Number" line="22">
<kw name="Set Variable" library="BuiltIn">
<var>${url}</var>
<arg>${BASE_URL}orders/track</arg>
<doc>Returns the given values which can then be assigned to a variables.</doc>
<msg timestamp="20230824 12:20:50.309" level="INFO">${url} = http://qa-scooter.praktikum-services.ru/api/v1/orders/track</msg>
<status status="PASS" starttime="20230824 12:20:50.309" endtime="20230824 12:20:50.309"/>
</kw>
<kw name="Create Dictionary" library="BuiltIn">
<var>${params}</var>
<arg>t=123456789</arg>
<doc>Creates and returns a dictionary based on the given ``items``.</doc>
<msg timestamp="20230824 12:20:50.309" level="INFO">${params} = {'t': '123456789'}</msg>
<status status="PASS" starttime="20230824 12:20:50.309" endtime="20230824 12:20:50.309"/>
</kw>
<kw name="GET" library="RequestsLibrary">
<var>${response}</var>
<arg>${url}</arg>
<arg>params=${params}</arg>
<arg>expected_status=404</arg>
<doc>Sends a GET request.</doc>
<msg timestamp="20230824 12:20:50.494" level="INFO">GET Request : url=http://qa-scooter.praktikum-services.ru/api/v1/orders/track?t=123456789 
 path_url=/api/v1/orders/track?t=123456789 
 headers={'User-Agent': 'python-requests/2.31.0', 'Accept-Encoding': 'gzip, deflate', 'Accept': '*/*', 'Connection': 'keep-alive'} 
 body=None 
 </msg>
<msg timestamp="20230824 12:20:50.494" level="INFO">GET Response : url=http://qa-scooter.praktikum-services.ru/api/v1/orders/track?t=123456789 
 status=404, reason=Not Found 
 headers={'Access-Control-Allow-Origin': '*', 'Content-Length': '53', 'Content-Type': 'application/json; charset=utf-8', 'Date': 'Thu, 24 Aug 2023 09:20:50 GMT', 'ETag': 'W/"35-9AMR6Tx1cHRNKBS31QzpKEpC5/Y"', 'Set-Cookie': '_yasc=zY+8lyCOHGldkK28ZOb8gDWypcA52WKY25Xs8AN2DYGF8DWRwVPHyTaGhKA=; domain=.praktikum-services.ru; path=/; expires=Sun, 21 Aug 2033 09:20:50 GMT; secure', 'X-Powered-By': 'Express', 'X-Request-Id': '1692868850423008-4730481608034566053'} 
 body={"code":404,"message":"Заказ не найден"} 
 </msg>
<msg timestamp="20230824 12:20:50.494" level="INFO">${response} = &lt;Response [404]&gt;</msg>
<status status="PASS" starttime="20230824 12:20:50.309" endtime="20230824 12:20:50.494"/>
</kw>
<kw name="Status Should Be" library="RequestsLibrary">
<arg>404</arg>
<arg>${response}</arg>
<doc>Fails if response status code is different than the expected.</doc>
<status status="PASS" starttime="20230824 12:20:50.494" endtime="20230824 12:20:50.494"/>
</kw>
<kw name="Should Be Equal As Strings" library="BuiltIn">
<arg>${response.json()}</arg>
<arg>{'code': 404, 'message': 'Заказ не найден'}</arg>
<doc>Fails if objects are unequal after converting them to strings.</doc>
<msg timestamp="20230824 12:20:50.494" level="INFO">Argument types are:
&lt;class 'dict'&gt;
&lt;class 'str'&gt;</msg>
<status status="PASS" starttime="20230824 12:20:50.494" endtime="20230824 12:20:50.494"/>
</kw>
<status status="PASS" starttime="20230824 12:20:50.309" endtime="20230824 12:20:50.494"/>
</test>
<status status="PASS" starttime="20230824 12:20:49.769" endtime="20230824 12:20:50.510"/>
</suite>
<status status="FAIL" starttime="20230824 12:19:13.767" endtime="20230824 12:20:50.510"/>
</suite>
<statistics>
<total>
<stat pass="21" fail="4" skip="0">All Tests</stat>
</total>
<tag>
</tag>
<suite>
<stat pass="21" fail="4" skip="0" id="s1" name="Tests">Tests</stat>
<stat pass="3" fail="1" skip="0" id="s1-s1" name="test CourierCreating">Tests.test CourierCreating</stat>
<stat pass="2" fail="1" skip="0" id="s1-s2" name="test CourierDelete">Tests.test CourierDelete</stat>
<stat pass="4" fail="1" skip="0" id="s1-s3" name="test CourierLogin">Tests.test CourierLogin</stat>
<stat pass="4" fail="1" skip="0" id="s1-s4" name="test OrderAcceptance">Tests.test OrderAcceptance</stat>
<stat pass="4" fail="0" skip="0" id="s1-s5" name="test OrderCreating">Tests.test OrderCreating</stat>
<stat pass="1" fail="0" skip="0" id="s1-s6" name="test OrderList">Tests.test OrderList</stat>
<stat pass="3" fail="0" skip="0" id="s1-s7" name="test OrderReceipt">Tests.test OrderReceipt</stat>
</suite>
</statistics>
<errors>
</errors>
</robot>
